<?xml version="1.0" encoding="UTF-8"?>
<robot generator="Robot 4.1.3 (Python 3.10.1 on win32)" generated="20221013 05:39:49.223" rpa="false" schemaversion="2">
<suite id="s1" name="NGG-TC-86 Mood Tunes Activity Music - Select a Purpose" source="C:\Users\Alejandro\Desktop\Mood_TunesActivity_Music\NGG-TC-86 Mood_Tunes Activity Music - Select a Purpose.robot">
<kw name="Open App" library="NGG-TC-86 Keywords" type="SETUP">
<kw name="Open Application" library="AppiumLibrary">
<arg>${url}</arg>
<arg>platformName=${PlatFormName}</arg>
<arg>platformVersion=${PlatFormVersion}</arg>
<arg>deviceName=${DeviceName}</arg>
<arg>automationName=UiAutomator2</arg>
<arg>newCommandTimeout=2500</arg>
<arg>noReset=True</arg>
<arg>activateName=${Activity_NAME}</arg>
<arg>packageName=${PACKAGE_NAME}</arg>
<doc>Opens a new application to given Appium server.
Capabilities of appium server, Android and iOS,
Please check https://github.com/appium/appium/blob/master/docs/en/writing-running-appium/server-args.md
| *Option*            | *Man.* | *Description*     |
| remote_url          | Yes    | Appium server url |
| alias               | no     | alias             |</doc>
<status status="PASS" starttime="20221013 05:39:49.403" endtime="20221013 05:40:04.256"/>
</kw>
<status status="PASS" starttime="20221013 05:39:49.402" endtime="20221013 05:40:04.256"/>
</kw>
<test id="s1-t1" name="Test My Health Activity Music">
<kw name="Open App" library="NGG-TC-86 Keywords">
<kw name="Open Application" library="AppiumLibrary">
<arg>${url}</arg>
<arg>platformName=${PlatFormName}</arg>
<arg>platformVersion=${PlatFormVersion}</arg>
<arg>deviceName=${DeviceName}</arg>
<arg>automationName=UiAutomator2</arg>
<arg>newCommandTimeout=2500</arg>
<arg>noReset=True</arg>
<arg>activateName=${Activity_NAME}</arg>
<arg>packageName=${PACKAGE_NAME}</arg>
<doc>Opens a new application to given Appium server.
Capabilities of appium server, Android and iOS,
Please check https://github.com/appium/appium/blob/master/docs/en/writing-running-appium/server-args.md
| *Option*            | *Man.* | *Description*     |
| remote_url          | Yes    | Appium server url |
| alias               | no     | alias             |</doc>
<status status="PASS" starttime="20221013 05:40:04.257" endtime="20221013 05:40:19.150"/>
</kw>
<status status="PASS" starttime="20221013 05:40:04.257" endtime="20221013 05:40:19.150"/>
</kw>
<kw name="Page Home E-hub" library="NGG-TC-86 Keywords">
<kw name="Wait Until Element Is Visible" library="AppiumLibrary">
<arg>id=com.sentrics.engage360:id/tvGroupName</arg>
<doc>Waits until element specified with `locator` is visible.</doc>
<status status="PASS" starttime="20221013 05:40:19.152" endtime="20221013 05:40:21.822"/>
</kw>
<kw name="Element Should Be Visible" library="AppiumLibrary">
<arg>id=com.sentrics.engage360:id/tvGroupName</arg>
<arg>Entertainment</arg>
<doc>Verifies that element identified with locator is visible.</doc>
<status status="PASS" starttime="20221013 05:40:21.822" endtime="20221013 05:40:23.410"/>
</kw>
<status status="PASS" starttime="20221013 05:40:19.151" endtime="20221013 05:40:23.410"/>
</kw>
<kw name="Mood_Tunes_Enter to tile" library="NGG-TC-86 Keywords">
<kw name="Press Keycode" library="AppiumLibrary">
<arg>20</arg>
<doc>Sends a press of keycode to the device.</doc>
<status status="PASS" starttime="20221013 05:40:23.411" endtime="20221013 05:40:23.563"/>
</kw>
<kw name="Press Keycode" library="AppiumLibrary">
<arg>20</arg>
<doc>Sends a press of keycode to the device.</doc>
<status status="PASS" starttime="20221013 05:40:23.563" endtime="20221013 05:40:27.911"/>
</kw>
<kw name="Press Keycode" library="AppiumLibrary">
<arg>20</arg>
<doc>Sends a press of keycode to the device.</doc>
<status status="PASS" starttime="20221013 05:40:27.911" endtime="20221013 05:40:30.006"/>
</kw>
<kw name="Press Keycode" library="AppiumLibrary">
<arg>22</arg>
<doc>Sends a press of keycode to the device.</doc>
<status status="PASS" starttime="20221013 05:40:30.006" endtime="20221013 05:40:30.687"/>
</kw>
<kw name="Press Keycode" library="AppiumLibrary">
<arg>22</arg>
<doc>Sends a press of keycode to the device.</doc>
<status status="PASS" starttime="20221013 05:40:30.688" endtime="20221013 05:40:31.270"/>
</kw>
<kw name="Press Keycode" library="AppiumLibrary">
<arg>23</arg>
<doc>Sends a press of keycode to the device.</doc>
<status status="PASS" starttime="20221013 05:40:31.270" endtime="20221013 05:40:32.506"/>
</kw>
<status status="PASS" starttime="20221013 05:40:23.411" endtime="20221013 05:40:32.507"/>
</kw>
<kw name="Mood_Tunes_Library Activity Music - Select a Purpose" library="NGG-TC-86 Keywords">
<kw name="Wait Until Element Is Visible" library="AppiumLibrary">
<arg>id=com.sentrics.engage360:id/name</arg>
<doc>Waits until element specified with `locator` is visible.</doc>
<status status="PASS" starttime="20221013 05:40:32.518" endtime="20221013 05:40:35.693"/>
</kw>
<kw name="Element Should Be Visible" library="AppiumLibrary">
<arg>id=com.sentrics.engage360:id/name</arg>
<arg>Activity Music</arg>
<doc>Verifies that element identified with locator is visible.</doc>
<status status="PASS" starttime="20221013 05:40:35.693" endtime="20221013 05:40:35.910"/>
</kw>
<kw name="Press Keycode" library="AppiumLibrary">
<arg>20</arg>
<doc>Sends a press of keycode to the device.</doc>
<status status="PASS" starttime="20221013 05:40:35.910" endtime="20221013 05:40:36.068"/>
</kw>
<kw name="Press Keycode" library="AppiumLibrary">
<arg>20</arg>
<doc>Sends a press of keycode to the device.</doc>
<status status="PASS" starttime="20221013 05:40:36.069" endtime="20221013 05:40:36.721"/>
</kw>
<kw name="Press Keycode" library="AppiumLibrary">
<arg>20</arg>
<doc>Sends a press of keycode to the device.</doc>
<status status="PASS" starttime="20221013 05:40:36.721" endtime="20221013 05:40:37.412"/>
</kw>
<kw name="Press Keycode" library="AppiumLibrary">
<arg>20</arg>
<doc>Sends a press of keycode to the device.</doc>
<status status="PASS" starttime="20221013 05:40:37.412" endtime="20221013 05:40:38.115"/>
</kw>
<kw name="Press Keycode" library="AppiumLibrary">
<arg>23</arg>
<doc>Sends a press of keycode to the device.</doc>
<status status="PASS" starttime="20221013 05:40:38.115" endtime="20221013 05:40:38.741"/>
</kw>
<kw name="Wait Until Element Is Visible" library="AppiumLibrary">
<arg>id=com.sentrics.engage360:id/name</arg>
<doc>Waits until element specified with `locator` is visible.</doc>
<status status="PASS" starttime="20221013 05:40:38.742" endtime="20221013 05:40:39.506"/>
</kw>
<kw name="Element Should Be Visible" library="AppiumLibrary">
<arg>id=com.sentrics.engage360:id/name</arg>
<arg>15 Minute Exercise</arg>
<doc>Verifies that element identified with locator is visible.</doc>
<status status="PASS" starttime="20221013 05:40:39.506" endtime="20221013 05:40:39.651"/>
</kw>
<kw name="Press Keycode" library="AppiumLibrary">
<arg>20</arg>
<doc>Sends a press of keycode to the device.</doc>
<status status="PASS" starttime="20221013 05:40:39.651" endtime="20221013 05:40:39.798"/>
</kw>
<kw name="Wait Until Element Is Visible" library="AppiumLibrary">
<arg>id=com.sentrics.engage360:id/name</arg>
<doc>Waits until element specified with `locator` is visible.</doc>
<status status="PASS" starttime="20221013 05:40:39.799" endtime="20221013 05:40:40.478"/>
</kw>
<kw name="Element Should Be Visible" library="AppiumLibrary">
<arg>id=com.sentrics.engage360:id/name</arg>
<arg>30 Minute Exercise</arg>
<doc>Verifies that element identified with locator is visible.</doc>
<status status="PASS" starttime="20221013 05:40:40.478" endtime="20221013 05:40:40.617"/>
</kw>
<kw name="Press Keycode" library="AppiumLibrary">
<arg>20</arg>
<doc>Sends a press of keycode to the device.</doc>
<status status="PASS" starttime="20221013 05:40:40.617" endtime="20221013 05:40:40.752"/>
</kw>
<kw name="Wait Until Element Is Visible" library="AppiumLibrary">
<arg>id=com.sentrics.engage360:id/name</arg>
<doc>Waits until element specified with `locator` is visible.</doc>
<status status="PASS" starttime="20221013 05:40:40.752" endtime="20221013 05:40:41.436"/>
</kw>
<kw name="Element Should Be Visible" library="AppiumLibrary">
<arg>id=com.sentrics.engage360:id/name</arg>
<arg>Salon Day</arg>
<doc>Verifies that element identified with locator is visible.</doc>
<status status="PASS" starttime="20221013 05:40:41.436" endtime="20221013 05:40:41.553"/>
</kw>
<kw name="Press Keycode" library="AppiumLibrary">
<arg>20</arg>
<doc>Sends a press of keycode to the device.</doc>
<status status="PASS" starttime="20221013 05:40:41.554" endtime="20221013 05:40:41.687"/>
</kw>
<kw name="Wait Until Element Is Visible" library="AppiumLibrary">
<arg>id=com.sentrics.engage360:id/name</arg>
<doc>Waits until element specified with `locator` is visible.</doc>
<status status="PASS" starttime="20221013 05:40:41.687" endtime="20221013 05:40:42.367"/>
</kw>
<kw name="Element Should Be Visible" library="AppiumLibrary">
<arg>id=com.sentrics.engage360:id/name</arg>
<arg>Ice Cream Social</arg>
<doc>Verifies that element identified with locator is visible.</doc>
<status status="PASS" starttime="20221013 05:40:42.368" endtime="20221013 05:40:42.504"/>
</kw>
<kw name="Press Keycode" library="AppiumLibrary">
<arg>20</arg>
<doc>Sends a press of keycode to the device.</doc>
<status status="PASS" starttime="20221013 05:40:42.504" endtime="20221013 05:40:42.626"/>
</kw>
<kw name="Wait Until Element Is Visible" library="AppiumLibrary">
<arg>id=com.sentrics.engage360:id/name</arg>
<doc>Waits until element specified with `locator` is visible.</doc>
<status status="PASS" starttime="20221013 05:40:42.626" endtime="20221013 05:40:43.331"/>
</kw>
<kw name="Element Should Be Visible" library="AppiumLibrary">
<arg>id=com.sentrics.engage360:id/name</arg>
<arg>Birthday Parties</arg>
<doc>Verifies that element identified with locator is visible.</doc>
<status status="PASS" starttime="20221013 05:40:43.332" endtime="20221013 05:40:43.451"/>
</kw>
<kw name="Press Keycode" library="AppiumLibrary">
<arg>20</arg>
<doc>Sends a press of keycode to the device.</doc>
<status status="PASS" starttime="20221013 05:40:43.451" endtime="20221013 05:40:43.563"/>
</kw>
<kw name="Wait Until Element Is Visible" library="AppiumLibrary">
<arg>id=com.sentrics.engage360:id/name</arg>
<doc>Waits until element specified with `locator` is visible.</doc>
<status status="PASS" starttime="20221013 05:40:43.564" endtime="20221013 05:40:44.259"/>
</kw>
<kw name="Element Should Be Visible" library="AppiumLibrary">
<arg>id=com.sentrics.engage360:id/name</arg>
<arg>Baking</arg>
<doc>Verifies that element identified with locator is visible.</doc>
<status status="PASS" starttime="20221013 05:40:44.259" endtime="20221013 05:40:44.406"/>
</kw>
<kw name="Press Keycode" library="AppiumLibrary">
<arg>20</arg>
<doc>Sends a press of keycode to the device.</doc>
<status status="PASS" starttime="20221013 05:40:44.407" endtime="20221013 05:40:44.558"/>
</kw>
<kw name="Wait Until Element Is Visible" library="AppiumLibrary">
<arg>id=com.sentrics.engage360:id/name</arg>
<doc>Waits until element specified with `locator` is visible.</doc>
<status status="PASS" starttime="20221013 05:40:44.558" endtime="20221013 05:40:45.247"/>
</kw>
<kw name="Element Should Be Visible" library="AppiumLibrary">
<arg>id=com.sentrics.engage360:id/name</arg>
<arg>Happy Hour</arg>
<doc>Verifies that element identified with locator is visible.</doc>
<status status="PASS" starttime="20221013 05:40:45.247" endtime="20221013 05:40:45.397"/>
</kw>
<kw name="Press Keycode" library="AppiumLibrary">
<arg>20</arg>
<doc>Sends a press of keycode to the device.</doc>
<status status="PASS" starttime="20221013 05:40:45.398" endtime="20221013 05:40:45.563"/>
</kw>
<kw name="Wait Until Element Is Visible" library="AppiumLibrary">
<arg>id=com.sentrics.engage360:id/name</arg>
<doc>Waits until element specified with `locator` is visible.</doc>
<status status="PASS" starttime="20221013 05:40:45.563" endtime="20221013 05:40:46.365"/>
</kw>
<kw name="Element Should Be Visible" library="AppiumLibrary">
<arg>id=com.sentrics.engage360:id/name</arg>
<arg>Word Search, Trivia</arg>
<doc>Verifies that element identified with locator is visible.</doc>
<status status="PASS" starttime="20221013 05:40:46.365" endtime="20221013 05:40:46.472"/>
</kw>
<kw name="Press Keycode" library="AppiumLibrary">
<arg>20</arg>
<doc>Sends a press of keycode to the device.</doc>
<status status="PASS" starttime="20221013 05:40:46.472" endtime="20221013 05:40:46.591"/>
</kw>
<kw name="Wait Until Element Is Visible" library="AppiumLibrary">
<arg>id=com.sentrics.engage360:id/name</arg>
<doc>Waits until element specified with `locator` is visible.</doc>
<status status="PASS" starttime="20221013 05:40:46.591" endtime="20221013 05:40:47.494"/>
</kw>
<kw name="Element Should Be Visible" library="AppiumLibrary">
<arg>id=com.sentrics.engage360:id/name</arg>
<arg>Dominoes</arg>
<doc>Verifies that element identified with locator is visible.</doc>
<status status="PASS" starttime="20221013 05:40:47.495" endtime="20221013 05:40:47.611"/>
</kw>
<kw name="Press Keycode" library="AppiumLibrary">
<arg>20</arg>
<doc>Sends a press of keycode to the device.</doc>
<status status="PASS" starttime="20221013 05:40:47.611" endtime="20221013 05:40:47.737"/>
</kw>
<kw name="Wait Until Element Is Visible" library="AppiumLibrary">
<arg>id=com.sentrics.engage360:id/name</arg>
<doc>Waits until element specified with `locator` is visible.</doc>
<status status="PASS" starttime="20221013 05:40:47.737" endtime="20221013 05:40:48.643"/>
</kw>
<kw name="Element Should Be Visible" library="AppiumLibrary">
<arg>id=com.sentrics.engage360:id/name</arg>
<arg>Wine Tasting</arg>
<doc>Verifies that element identified with locator is visible.</doc>
<status status="PASS" starttime="20221013 05:40:48.643" endtime="20221013 05:40:48.782"/>
</kw>
<kw name="Press Keycode" library="AppiumLibrary">
<arg>20</arg>
<doc>Sends a press of keycode to the device.</doc>
<status status="PASS" starttime="20221013 05:40:48.783" endtime="20221013 05:40:48.920"/>
</kw>
<kw name="Wait Until Element Is Visible" library="AppiumLibrary">
<arg>id=com.sentrics.engage360:id/name</arg>
<doc>Waits until element specified with `locator` is visible.</doc>
<status status="PASS" starttime="20221013 05:40:48.921" endtime="20221013 05:40:49.783"/>
</kw>
<kw name="Element Should Be Visible" library="AppiumLibrary">
<arg>id=com.sentrics.engage360:id/name</arg>
<arg>Spa Day</arg>
<doc>Verifies that element identified with locator is visible.</doc>
<status status="PASS" starttime="20221013 05:40:49.783" endtime="20221013 05:40:49.910"/>
</kw>
<kw name="Press Keycode" library="AppiumLibrary">
<arg>20</arg>
<doc>Sends a press of keycode to the device.</doc>
<status status="PASS" starttime="20221013 05:40:49.910" endtime="20221013 05:40:50.059"/>
</kw>
<kw name="Wait Until Element Is Visible" library="AppiumLibrary">
<arg>id=com.sentrics.engage360:id/name</arg>
<doc>Waits until element specified with `locator` is visible.</doc>
<status status="PASS" starttime="20221013 05:40:50.059" endtime="20221013 05:40:50.964"/>
</kw>
<kw name="Element Should Be Visible" library="AppiumLibrary">
<arg>id=com.sentrics.engage360:id/name</arg>
<arg>Jewerly Making</arg>
<doc>Verifies that element identified with locator is visible.</doc>
<status status="PASS" starttime="20221013 05:40:50.964" endtime="20221013 05:40:51.096"/>
</kw>
<kw name="Press Keycode" library="AppiumLibrary">
<arg>20</arg>
<doc>Sends a press of keycode to the device.</doc>
<status status="PASS" starttime="20221013 05:40:51.096" endtime="20221013 05:40:51.212"/>
</kw>
<kw name="Wait Until Element Is Visible" library="AppiumLibrary">
<arg>id=com.sentrics.engage360:id/name</arg>
<doc>Waits until element specified with `locator` is visible.</doc>
<status status="PASS" starttime="20221013 05:40:51.212" endtime="20221013 05:40:52.103"/>
</kw>
<kw name="Element Should Be Visible" library="AppiumLibrary">
<arg>id=com.sentrics.engage360:id/name</arg>
<arg>Devotional/Spiritual</arg>
<doc>Verifies that element identified with locator is visible.</doc>
<status status="PASS" starttime="20221013 05:40:52.104" endtime="20221013 05:40:52.214"/>
</kw>
<kw name="Press Keycode" library="AppiumLibrary">
<arg>20</arg>
<doc>Sends a press of keycode to the device.</doc>
<status status="PASS" starttime="20221013 05:40:52.214" endtime="20221013 05:40:52.329"/>
</kw>
<kw name="Wait Until Element Is Visible" library="AppiumLibrary">
<arg>id=com.sentrics.engage360:id/name</arg>
<doc>Waits until element specified with `locator` is visible.</doc>
<status status="PASS" starttime="20221013 05:40:52.329" endtime="20221013 05:40:53.250"/>
</kw>
<kw name="Element Should Be Visible" library="AppiumLibrary">
<arg>id=com.sentrics.engage360:id/name</arg>
<arg>Manicure/Pedicure</arg>
<doc>Verifies that element identified with locator is visible.</doc>
<status status="PASS" starttime="20221013 05:40:53.250" endtime="20221013 05:40:53.348"/>
</kw>
<kw name="Press Keycode" library="AppiumLibrary">
<arg>20</arg>
<doc>Sends a press of keycode to the device.</doc>
<status status="PASS" starttime="20221013 05:40:53.348" endtime="20221013 05:40:53.463"/>
</kw>
<kw name="Wait Until Element Is Visible" library="AppiumLibrary">
<arg>id=com.sentrics.engage360:id/name</arg>
<doc>Waits until element specified with `locator` is visible.</doc>
<status status="PASS" starttime="20221013 05:40:53.463" endtime="20221013 05:40:54.355"/>
</kw>
<kw name="Element Should Be Visible" library="AppiumLibrary">
<arg>id=com.sentrics.engage360:id/name</arg>
<arg>Yoga</arg>
<doc>Verifies that element identified with locator is visible.</doc>
<status status="PASS" starttime="20221013 05:40:54.355" endtime="20221013 05:40:54.489"/>
</kw>
<kw name="Press Keycode" library="AppiumLibrary">
<arg>20</arg>
<doc>Sends a press of keycode to the device.</doc>
<status status="PASS" starttime="20221013 05:40:54.490" endtime="20221013 05:40:54.626"/>
</kw>
<kw name="Wait Until Element Is Visible" library="AppiumLibrary">
<arg>id=com.sentrics.engage360:id/name</arg>
<doc>Waits until element specified with `locator` is visible.</doc>
<status status="PASS" starttime="20221013 05:40:54.626" endtime="20221013 05:40:55.515"/>
</kw>
<kw name="Element Should Be Visible" library="AppiumLibrary">
<arg>id=com.sentrics.engage360:id/name</arg>
<arg>Massage</arg>
<doc>Verifies that element identified with locator is visible.</doc>
<status status="PASS" starttime="20221013 05:40:55.515" endtime="20221013 05:40:55.651"/>
</kw>
<kw name="Press Keycode" library="AppiumLibrary">
<arg>20</arg>
<doc>Sends a press of keycode to the device.</doc>
<status status="PASS" starttime="20221013 05:40:55.651" endtime="20221013 05:40:55.774"/>
</kw>
<kw name="Wait Until Element Is Visible" library="AppiumLibrary">
<arg>id=com.sentrics.engage360:id/name</arg>
<doc>Waits until element specified with `locator` is visible.</doc>
<status status="PASS" starttime="20221013 05:40:55.774" endtime="20221013 05:40:56.684"/>
</kw>
<kw name="Element Should Be Visible" library="AppiumLibrary">
<arg>id=com.sentrics.engage360:id/name</arg>
<arg>Holiday</arg>
<doc>Verifies that element identified with locator is visible.</doc>
<status status="PASS" starttime="20221013 05:40:56.684" endtime="20221013 05:40:56.799"/>
</kw>
<kw name="Press Keycode" library="AppiumLibrary">
<arg>4</arg>
<doc>Sends a press of keycode to the device.</doc>
<status status="PASS" starttime="20221013 05:40:56.799" endtime="20221013 05:40:56.845"/>
</kw>
<kw name="Wait Until Element Is Visible" library="AppiumLibrary">
<arg>id=com.sentrics.engage360:id/title</arg>
<doc>Waits until element specified with `locator` is visible.</doc>
<status status="PASS" starttime="20221013 05:40:56.845" endtime="20221013 05:40:57.538"/>
</kw>
<kw name="Element Should Be Visible" library="AppiumLibrary">
<arg>id=com.sentrics.engage360:id/title</arg>
<arg>Choose a Library</arg>
<doc>Verifies that element identified with locator is visible.</doc>
<status status="PASS" starttime="20221013 05:40:57.538" endtime="20221013 05:40:57.684"/>
</kw>
<status status="PASS" starttime="20221013 05:40:32.515" endtime="20221013 05:40:57.686"/>
</kw>
<tag>Automation</tag>
<status status="PASS" starttime="20221013 05:40:04.256" endtime="20221013 05:40:57.687"/>
</test>
<kw name="Close All Applications" library="AppiumLibrary" type="TEARDOWN">
<doc>Closes all open applications.</doc>
<status status="PASS" starttime="20221013 05:40:57.694" endtime="20221013 05:40:57.895"/>
</kw>
<status status="PASS" starttime="20221013 05:39:49.225" endtime="20221013 05:40:57.895"/>
</suite>
<statistics>
<total>
<stat pass="1" fail="0" skip="0">All Tests</stat>
</total>
<tag>
<stat pass="1" fail="0" skip="0">Automation</stat>
</tag>
<suite>
<stat pass="1" fail="0" skip="0" id="s1" name="NGG-TC-86 Mood Tunes Activity Music - Select a Purpose">NGG-TC-86 Mood Tunes Activity Music - Select a Purpose</stat>
</suite>
</statistics>
<errors>
</errors>
</robot>
