<?xml version="1.0" encoding="UTF-8"?>
<robot generator="Robot 4.1.3 (Python 3.10.1 on win32)" generated="20221010 19:50:53.544" rpa="false" schemaversion="2">
<suite id="s1" name="NGG-TC-85 Mood Tunes Enter a Genre" source="C:\Users\Alejandro\Desktop\Mood_TunesSupportiveMusic\NGG-TC-85 Mood_Tunes Enter a Genre.robot">
<kw name="Open App" library="Keyword NGG-TC-85" type="SETUP">
<kw name="Open Application" library="AppiumLibrary">
<arg>${url}</arg>
<arg>platformName=${PlatFormName}</arg>
<arg>platformVersion=${PlatFormVersion}</arg>
<arg>deviceName=${DeviceName}</arg>
<arg>automationName=UiAutomator2</arg>
<arg>newCommandTimeout=2500</arg>
<arg>noReset=True</arg>
<arg>activateName=${Activity_NAME}</arg>
<arg>packageName=${PACKAGE_NAME}</arg>
<doc>Opens a new application to given Appium server.
Capabilities of appium server, Android and iOS,
Please check https://github.com/appium/appium/blob/master/docs/en/writing-running-appium/server-args.md
| *Option*            | *Man.* | *Description*     |
| remote_url          | Yes    | Appium server url |
| alias               | no     | alias             |</doc>
<status status="PASS" starttime="20221010 19:50:53.785" endtime="20221010 19:51:10.242"/>
</kw>
<status status="PASS" starttime="20221010 19:50:53.785" endtime="20221010 19:51:10.242"/>
</kw>
<test id="s1-t1" name="Test My Health Supportive Music">
<kw name="Open App" library="Keyword NGG-TC-85">
<kw name="Open Application" library="AppiumLibrary">
<arg>${url}</arg>
<arg>platformName=${PlatFormName}</arg>
<arg>platformVersion=${PlatFormVersion}</arg>
<arg>deviceName=${DeviceName}</arg>
<arg>automationName=UiAutomator2</arg>
<arg>newCommandTimeout=2500</arg>
<arg>noReset=True</arg>
<arg>activateName=${Activity_NAME}</arg>
<arg>packageName=${PACKAGE_NAME}</arg>
<doc>Opens a new application to given Appium server.
Capabilities of appium server, Android and iOS,
Please check https://github.com/appium/appium/blob/master/docs/en/writing-running-appium/server-args.md
| *Option*            | *Man.* | *Description*     |
| remote_url          | Yes    | Appium server url |
| alias               | no     | alias             |</doc>
<status status="PASS" starttime="20221010 19:51:10.243" endtime="20221010 19:51:29.177"/>
</kw>
<status status="PASS" starttime="20221010 19:51:10.242" endtime="20221010 19:51:29.178"/>
</kw>
<kw name="Page Home E-hub" library="Keyword NGG-TC-85">
<kw name="Wait Until Element Is Visible" library="AppiumLibrary">
<arg>id=com.sentrics.engage360:id/tvGroupName</arg>
<doc>Waits until element specified with `locator` is visible.</doc>
<status status="PASS" starttime="20221010 19:51:29.178" endtime="20221010 19:51:43.501"/>
</kw>
<kw name="Element Should Be Visible" library="AppiumLibrary">
<arg>id=com.sentrics.engage360:id/tvGroupName</arg>
<arg>Entertainment</arg>
<doc>Verifies that element identified with locator is visible.</doc>
<status status="PASS" starttime="20221010 19:51:43.501" endtime="20221010 19:52:03.943"/>
</kw>
<status status="PASS" starttime="20221010 19:51:29.178" endtime="20221010 19:52:03.944"/>
</kw>
<kw name="Mood_Tunes_Enter to tile" library="Keyword NGG-TC-85">
<kw name="Press Keycode" library="AppiumLibrary">
<arg>20</arg>
<doc>Sends a press of keycode to the device.</doc>
<status status="PASS" starttime="20221010 19:52:03.960" endtime="20221010 19:52:13.576"/>
</kw>
<kw name="Press Keycode" library="AppiumLibrary">
<arg>20</arg>
<doc>Sends a press of keycode to the device.</doc>
<status status="PASS" starttime="20221010 19:52:13.576" endtime="20221010 19:52:23.727"/>
</kw>
<kw name="Press Keycode" library="AppiumLibrary">
<arg>20</arg>
<doc>Sends a press of keycode to the device.</doc>
<status status="PASS" starttime="20221010 19:52:23.728" endtime="20221010 19:52:33.917"/>
</kw>
<kw name="Press Keycode" library="AppiumLibrary">
<arg>22</arg>
<doc>Sends a press of keycode to the device.</doc>
<status status="PASS" starttime="20221010 19:52:33.919" endtime="20221010 19:52:43.546"/>
</kw>
<kw name="Press Keycode" library="AppiumLibrary">
<arg>22</arg>
<doc>Sends a press of keycode to the device.</doc>
<status status="PASS" starttime="20221010 19:52:43.546" endtime="20221010 19:52:53.685"/>
</kw>
<kw name="Press Keycode" library="AppiumLibrary">
<arg>23</arg>
<doc>Sends a press of keycode to the device.</doc>
<status status="PASS" starttime="20221010 19:52:53.685" endtime="20221010 19:53:03.835"/>
</kw>
<status status="PASS" starttime="20221010 19:52:03.957" endtime="20221010 19:53:03.835"/>
</kw>
<kw name="Mood_Tunes_Library Supportive Music - Enter a Genre" library="Keyword NGG-TC-85">
<kw name="Press Keycode" library="AppiumLibrary">
<arg>23</arg>
<doc>Sends a press of keycode to the device.</doc>
<status status="PASS" starttime="20221010 19:53:03.842" endtime="20221010 19:53:06.995"/>
</kw>
<kw name="Wait Until Element Is Visible" library="AppiumLibrary">
<arg>id=com.sentrics.engage360:id/name</arg>
<doc>Waits until element specified with `locator` is visible.</doc>
<status status="PASS" starttime="20221010 19:53:06.996" endtime="20221010 19:53:07.770"/>
</kw>
<kw name="Element Should Be Visible" library="AppiumLibrary">
<arg>id=com.sentrics.engage360:id/name</arg>
<arg>Classical</arg>
<doc>Verifies that element identified with locator is visible.</doc>
<status status="PASS" starttime="20221010 19:53:07.771" endtime="20221010 19:53:07.884"/>
</kw>
<kw name="Press Keycode" library="AppiumLibrary">
<arg>23</arg>
<doc>Sends a press of keycode to the device.</doc>
<status status="PASS" starttime="20221010 19:53:07.884" endtime="20221010 19:53:07.938"/>
</kw>
<kw name="Wait Until Element Is Visible" library="AppiumLibrary">
<arg>id=com.sentrics.engage360:id/name</arg>
<doc>Waits until element specified with `locator` is visible.</doc>
<status status="PASS" starttime="20221010 19:53:07.938" endtime="20221010 19:53:08.623"/>
</kw>
<kw name="Element Should Be Visible" library="AppiumLibrary">
<arg>id=com.sentrics.engage360:id/name</arg>
<arg>Classical</arg>
<doc>Verifies that element identified with locator is visible.</doc>
<status status="PASS" starttime="20221010 19:53:08.623" endtime="20221010 19:53:08.834"/>
</kw>
<kw name="Press Keycode" library="AppiumLibrary">
<arg>23</arg>
<doc>Sends a press of keycode to the device.</doc>
<status status="PASS" starttime="20221010 19:53:08.834" endtime="20221010 19:53:08.942"/>
</kw>
<kw name="Wait Until Element Is Visible" library="AppiumLibrary">
<arg>id=com.sentrics.engage360:id/title</arg>
<doc>Waits until element specified with `locator` is visible.</doc>
<status status="PASS" starttime="20221010 19:53:08.942" endtime="20221010 19:53:09.734"/>
</kw>
<kw name="Element Should Be Visible" library="AppiumLibrary">
<arg>id=com.sentrics.engage360:id/title</arg>
<arg>Choose a Style</arg>
<doc>Verifies that element identified with locator is visible.</doc>
<status status="PASS" starttime="20221010 19:53:09.735" endtime="20221010 19:53:09.904"/>
</kw>
<kw name="Press Keycode" library="AppiumLibrary">
<arg>4</arg>
<doc>Sends a press of keycode to the device.</doc>
<status status="PASS" starttime="20221010 19:53:09.904" endtime="20221010 19:53:09.974"/>
</kw>
<kw name="Wait Until Element Is Visible" library="AppiumLibrary">
<arg>id=com.sentrics.engage360:id/title</arg>
<doc>Waits until element specified with `locator` is visible.</doc>
<status status="PASS" starttime="20221010 19:53:09.974" endtime="20221010 19:53:10.712"/>
</kw>
<kw name="Element Should Be Visible" library="AppiumLibrary">
<arg>id=com.sentrics.engage360:id/title</arg>
<arg>Choose a Genre</arg>
<doc>Verifies that element identified with locator is visible.</doc>
<status status="PASS" starttime="20221010 19:53:10.712" endtime="20221010 19:53:10.899"/>
</kw>
<kw name="Wait Until Element Is Visible" library="AppiumLibrary">
<arg>id=com.sentrics.engage360:id/name</arg>
<doc>Waits until element specified with `locator` is visible.</doc>
<status status="PASS" starttime="20221010 19:53:10.900" endtime="20221010 19:53:11.077"/>
</kw>
<kw name="Element Should Be Visible" library="AppiumLibrary">
<arg>id=com.sentrics.engage360:id/name</arg>
<arg>Classical</arg>
<doc>Verifies that element identified with locator is visible.</doc>
<status status="PASS" starttime="20221010 19:53:11.077" endtime="20221010 19:53:11.230"/>
</kw>
<kw name="Press Keycode" library="AppiumLibrary">
<arg>20</arg>
<doc>Sends a press of keycode to the device.</doc>
<status status="PASS" starttime="20221010 19:53:11.230" endtime="20221010 19:53:11.346"/>
</kw>
<kw name="Wait Until Element Is Visible" library="AppiumLibrary">
<arg>id=com.sentrics.engage360:id/title</arg>
<doc>Waits until element specified with `locator` is visible.</doc>
<status status="PASS" starttime="20221010 19:53:11.347" endtime="20221010 19:53:12.040"/>
</kw>
<kw name="Element Should Be Visible" library="AppiumLibrary">
<arg>id=com.sentrics.engage360:id/title</arg>
<arg>Choose a Genre</arg>
<doc>Verifies that element identified with locator is visible.</doc>
<status status="PASS" starttime="20221010 19:53:12.041" endtime="20221010 19:53:12.187"/>
</kw>
<kw name="Press Keycode" library="AppiumLibrary">
<arg>23</arg>
<doc>Sends a press of keycode to the device.</doc>
<status status="PASS" starttime="20221010 19:53:12.187" endtime="20221010 19:53:12.264"/>
</kw>
<kw name="Wait Until Element Is Visible" library="AppiumLibrary">
<arg>id=com.sentrics.engage360:id/title</arg>
<doc>Waits until element specified with `locator` is visible.</doc>
<status status="PASS" starttime="20221010 19:53:12.265" endtime="20221010 19:53:13.017"/>
</kw>
<kw name="Element Should Be Visible" library="AppiumLibrary">
<arg>id=com.sentrics.engage360:id/title</arg>
<arg>Choose a Style</arg>
<doc>Verifies that element identified with locator is visible.</doc>
<status status="PASS" starttime="20221010 19:53:13.018" endtime="20221010 19:53:13.204"/>
</kw>
<kw name="Press Keycode" library="AppiumLibrary">
<arg>4</arg>
<doc>Sends a press of keycode to the device.</doc>
<status status="PASS" starttime="20221010 19:53:13.204" endtime="20221010 19:53:13.282"/>
</kw>
<kw name="Wait Until Element Is Visible" library="AppiumLibrary">
<arg>id=com.sentrics.engage360:id/title</arg>
<doc>Waits until element specified with `locator` is visible.</doc>
<status status="PASS" starttime="20221010 19:53:13.283" endtime="20221010 19:53:14.073"/>
</kw>
<kw name="Element Should Be Visible" library="AppiumLibrary">
<arg>id=com.sentrics.engage360:id/title</arg>
<arg>Choose a Genre</arg>
<doc>Verifies that element identified with locator is visible.</doc>
<status status="PASS" starttime="20221010 19:53:14.074" endtime="20221010 19:53:14.232"/>
</kw>
<kw name="Wait Until Element Is Visible" library="AppiumLibrary">
<arg>id=com.sentrics.engage360:id/name</arg>
<doc>Waits until element specified with `locator` is visible.</doc>
<status status="PASS" starttime="20221010 19:53:14.233" endtime="20221010 19:53:14.393"/>
</kw>
<kw name="Element Should Be Visible" library="AppiumLibrary">
<arg>id=com.sentrics.engage360:id/name</arg>
<arg>Classical</arg>
<doc>Verifies that element identified with locator is visible.</doc>
<status status="PASS" starttime="20221010 19:53:14.393" endtime="20221010 19:53:14.560"/>
</kw>
<kw name="Press Keycode" library="AppiumLibrary">
<arg>20</arg>
<doc>Sends a press of keycode to the device.</doc>
<status status="PASS" starttime="20221010 19:53:14.560" endtime="20221010 19:53:14.690"/>
</kw>
<kw name="Press Keycode" library="AppiumLibrary">
<arg>20</arg>
<doc>Sends a press of keycode to the device.</doc>
<status status="PASS" starttime="20221010 19:53:14.690" endtime="20221010 19:53:15.394"/>
</kw>
<kw name="Wait Until Element Is Visible" library="AppiumLibrary">
<arg>id=com.sentrics.engage360:id/title</arg>
<doc>Waits until element specified with `locator` is visible.</doc>
<status status="PASS" starttime="20221010 19:53:15.394" endtime="20221010 19:53:16.062"/>
</kw>
<kw name="Element Should Be Visible" library="AppiumLibrary">
<arg>id=com.sentrics.engage360:id/title</arg>
<arg>Choose a Genre</arg>
<doc>Verifies that element identified with locator is visible.</doc>
<status status="PASS" starttime="20221010 19:53:16.063" endtime="20221010 19:53:16.178"/>
</kw>
<kw name="Press Keycode" library="AppiumLibrary">
<arg>23</arg>
<doc>Sends a press of keycode to the device.</doc>
<status status="PASS" starttime="20221010 19:53:16.179" endtime="20221010 19:53:16.259"/>
</kw>
<kw name="Wait Until Element Is Visible" library="AppiumLibrary">
<arg>id=com.sentrics.engage360:id/title</arg>
<doc>Waits until element specified with `locator` is visible.</doc>
<status status="PASS" starttime="20221010 19:53:16.259" endtime="20221010 19:53:17.020"/>
</kw>
<kw name="Element Should Be Visible" library="AppiumLibrary">
<arg>id=com.sentrics.engage360:id/title</arg>
<arg>Choose a Style</arg>
<doc>Verifies that element identified with locator is visible.</doc>
<status status="PASS" starttime="20221010 19:53:17.021" endtime="20221010 19:53:17.220"/>
</kw>
<kw name="Press Keycode" library="AppiumLibrary">
<arg>4</arg>
<doc>Sends a press of keycode to the device.</doc>
<status status="PASS" starttime="20221010 19:53:17.220" endtime="20221010 19:53:17.315"/>
</kw>
<kw name="Wait Until Element Is Visible" library="AppiumLibrary">
<arg>id=com.sentrics.engage360:id/title</arg>
<doc>Waits until element specified with `locator` is visible.</doc>
<status status="PASS" starttime="20221010 19:53:17.315" endtime="20221010 19:53:18.066"/>
</kw>
<kw name="Element Should Be Visible" library="AppiumLibrary">
<arg>id=com.sentrics.engage360:id/title</arg>
<arg>Choose a Genre</arg>
<doc>Verifies that element identified with locator is visible.</doc>
<status status="PASS" starttime="20221010 19:53:18.067" endtime="20221010 19:53:18.223"/>
</kw>
<kw name="Wait Until Element Is Visible" library="AppiumLibrary">
<arg>id=com.sentrics.engage360:id/name</arg>
<doc>Waits until element specified with `locator` is visible.</doc>
<status status="PASS" starttime="20221010 19:53:18.223" endtime="20221010 19:53:18.415"/>
</kw>
<kw name="Element Should Be Visible" library="AppiumLibrary">
<arg>id=com.sentrics.engage360:id/name</arg>
<arg>Classical</arg>
<doc>Verifies that element identified with locator is visible.</doc>
<status status="PASS" starttime="20221010 19:53:18.415" endtime="20221010 19:53:18.529"/>
</kw>
<kw name="Press Keycode" library="AppiumLibrary">
<arg>20</arg>
<doc>Sends a press of keycode to the device.</doc>
<status status="PASS" starttime="20221010 19:53:18.530" endtime="20221010 19:53:18.660"/>
</kw>
<kw name="Press Keycode" library="AppiumLibrary">
<arg>20</arg>
<doc>Sends a press of keycode to the device.</doc>
<status status="PASS" starttime="20221010 19:53:18.660" endtime="20221010 19:53:19.333"/>
</kw>
<kw name="Press Keycode" library="AppiumLibrary">
<arg>20</arg>
<doc>Sends a press of keycode to the device.</doc>
<status status="PASS" starttime="20221010 19:53:19.333" endtime="20221010 19:53:19.999"/>
</kw>
<kw name="Wait Until Element Is Visible" library="AppiumLibrary">
<arg>id=com.sentrics.engage360:id/title</arg>
<doc>Waits until element specified with `locator` is visible.</doc>
<status status="PASS" starttime="20221010 19:53:19.999" endtime="20221010 19:53:20.691"/>
</kw>
<kw name="Element Should Be Visible" library="AppiumLibrary">
<arg>id=com.sentrics.engage360:id/title</arg>
<arg>Choose a Genre</arg>
<doc>Verifies that element identified with locator is visible.</doc>
<status status="PASS" starttime="20221010 19:53:20.692" endtime="20221010 19:53:20.829"/>
</kw>
<kw name="Press Keycode" library="AppiumLibrary">
<arg>23</arg>
<doc>Sends a press of keycode to the device.</doc>
<status status="PASS" starttime="20221010 19:53:20.829" endtime="20221010 19:53:20.902"/>
</kw>
<kw name="Wait Until Element Is Visible" library="AppiumLibrary">
<arg>id=com.sentrics.engage360:id/title</arg>
<doc>Waits until element specified with `locator` is visible.</doc>
<status status="PASS" starttime="20221010 19:53:20.903" endtime="20221010 19:53:21.638"/>
</kw>
<kw name="Element Should Be Visible" library="AppiumLibrary">
<arg>id=com.sentrics.engage360:id/title</arg>
<arg>Choose a Style</arg>
<doc>Verifies that element identified with locator is visible.</doc>
<status status="PASS" starttime="20221010 19:53:21.641" endtime="20221010 19:53:21.846"/>
</kw>
<kw name="Press Keycode" library="AppiumLibrary">
<arg>4</arg>
<doc>Sends a press of keycode to the device.</doc>
<status status="PASS" starttime="20221010 19:53:21.847" endtime="20221010 19:53:21.926"/>
</kw>
<kw name="Wait Until Element Is Visible" library="AppiumLibrary">
<arg>id=com.sentrics.engage360:id/title</arg>
<doc>Waits until element specified with `locator` is visible.</doc>
<status status="PASS" starttime="20221010 19:53:21.927" endtime="20221010 19:53:22.644"/>
</kw>
<kw name="Element Should Be Visible" library="AppiumLibrary">
<arg>id=com.sentrics.engage360:id/title</arg>
<arg>Choose a Genre</arg>
<doc>Verifies that element identified with locator is visible.</doc>
<status status="PASS" starttime="20221010 19:53:22.646" endtime="20221010 19:53:22.820"/>
</kw>
<kw name="Wait Until Element Is Visible" library="AppiumLibrary">
<arg>id=com.sentrics.engage360:id/name</arg>
<doc>Waits until element specified with `locator` is visible.</doc>
<status status="PASS" starttime="20221010 19:53:22.820" endtime="20221010 19:53:22.974"/>
</kw>
<kw name="Element Should Be Visible" library="AppiumLibrary">
<arg>id=com.sentrics.engage360:id/name</arg>
<arg>Classical</arg>
<doc>Verifies that element identified with locator is visible.</doc>
<status status="PASS" starttime="20221010 19:53:22.975" endtime="20221010 19:53:23.131"/>
</kw>
<kw name="Press Keycode" library="AppiumLibrary">
<arg>22</arg>
<doc>Sends a press of keycode to the device.</doc>
<status status="PASS" starttime="20221010 19:53:23.131" endtime="20221010 19:53:23.288"/>
</kw>
<kw name="Wait Until Element Is Visible" library="AppiumLibrary">
<arg>id=com.sentrics.engage360:id/title</arg>
<doc>Waits until element specified with `locator` is visible.</doc>
<status status="PASS" starttime="20221010 19:53:23.288" endtime="20221010 19:53:23.947"/>
</kw>
<kw name="Element Should Be Visible" library="AppiumLibrary">
<arg>id=com.sentrics.engage360:id/title</arg>
<arg>Choose a Genre</arg>
<doc>Verifies that element identified with locator is visible.</doc>
<status status="PASS" starttime="20221010 19:53:23.948" endtime="20221010 19:53:24.108"/>
</kw>
<kw name="Press Keycode" library="AppiumLibrary">
<arg>23</arg>
<doc>Sends a press of keycode to the device.</doc>
<status status="PASS" starttime="20221010 19:53:24.108" endtime="20221010 19:53:24.198"/>
</kw>
<kw name="Wait Until Element Is Visible" library="AppiumLibrary">
<arg>id=com.sentrics.engage360:id/title</arg>
<doc>Waits until element specified with `locator` is visible.</doc>
<status status="PASS" starttime="20221010 19:53:24.198" endtime="20221010 19:53:24.943"/>
</kw>
<kw name="Element Should Be Visible" library="AppiumLibrary">
<arg>id=com.sentrics.engage360:id/title</arg>
<arg>Choose a Style</arg>
<doc>Verifies that element identified with locator is visible.</doc>
<status status="PASS" starttime="20221010 19:53:24.945" endtime="20221010 19:53:25.156"/>
</kw>
<kw name="Press Keycode" library="AppiumLibrary">
<arg>4</arg>
<doc>Sends a press of keycode to the device.</doc>
<status status="PASS" starttime="20221010 19:53:25.157" endtime="20221010 19:53:25.246"/>
</kw>
<kw name="Wait Until Element Is Visible" library="AppiumLibrary">
<arg>id=com.sentrics.engage360:id/title</arg>
<doc>Waits until element specified with `locator` is visible.</doc>
<status status="PASS" starttime="20221010 19:53:25.248" endtime="20221010 19:53:25.963"/>
</kw>
<kw name="Element Should Be Visible" library="AppiumLibrary">
<arg>id=com.sentrics.engage360:id/title</arg>
<arg>Choose a Genre</arg>
<doc>Verifies that element identified with locator is visible.</doc>
<status status="PASS" starttime="20221010 19:53:25.964" endtime="20221010 19:53:26.351"/>
</kw>
<kw name="Wait Until Element Is Visible" library="AppiumLibrary">
<arg>id=com.sentrics.engage360:id/name</arg>
<doc>Waits until element specified with `locator` is visible.</doc>
<status status="PASS" starttime="20221010 19:53:26.351" endtime="20221010 19:53:26.470"/>
</kw>
<kw name="Element Should Be Visible" library="AppiumLibrary">
<arg>id=com.sentrics.engage360:id/name</arg>
<arg>Classical</arg>
<doc>Verifies that element identified with locator is visible.</doc>
<status status="PASS" starttime="20221010 19:53:26.470" endtime="20221010 19:53:26.579"/>
</kw>
<kw name="Press Keycode" library="AppiumLibrary">
<arg>22</arg>
<doc>Sends a press of keycode to the device.</doc>
<status status="PASS" starttime="20221010 19:53:26.579" endtime="20221010 19:53:26.710"/>
</kw>
<kw name="Press Keycode" library="AppiumLibrary">
<arg>20</arg>
<doc>Sends a press of keycode to the device.</doc>
<status status="PASS" starttime="20221010 19:53:26.710" endtime="20221010 19:53:27.410"/>
</kw>
<kw name="Wait Until Element Is Visible" library="AppiumLibrary">
<arg>id=com.sentrics.engage360:id/title</arg>
<doc>Waits until element specified with `locator` is visible.</doc>
<status status="PASS" starttime="20221010 19:53:27.411" endtime="20221010 19:53:28.090"/>
</kw>
<kw name="Element Should Be Visible" library="AppiumLibrary">
<arg>id=com.sentrics.engage360:id/title</arg>
<arg>Choose a Genre</arg>
<doc>Verifies that element identified with locator is visible.</doc>
<status status="PASS" starttime="20221010 19:53:28.092" endtime="20221010 19:53:28.251"/>
</kw>
<kw name="Press Keycode" library="AppiumLibrary">
<arg>23</arg>
<doc>Sends a press of keycode to the device.</doc>
<status status="PASS" starttime="20221010 19:53:28.251" endtime="20221010 19:53:28.320"/>
</kw>
<kw name="Wait Until Element Is Visible" library="AppiumLibrary">
<arg>id=com.sentrics.engage360:id/title</arg>
<doc>Waits until element specified with `locator` is visible.</doc>
<status status="PASS" starttime="20221010 19:53:28.320" endtime="20221010 19:53:29.046"/>
</kw>
<kw name="Element Should Be Visible" library="AppiumLibrary">
<arg>id=com.sentrics.engage360:id/title</arg>
<arg>Choose a Style</arg>
<doc>Verifies that element identified with locator is visible.</doc>
<status status="PASS" starttime="20221010 19:53:29.047" endtime="20221010 19:53:29.201"/>
</kw>
<kw name="Press Keycode" library="AppiumLibrary">
<arg>4</arg>
<doc>Sends a press of keycode to the device.</doc>
<status status="PASS" starttime="20221010 19:53:29.201" endtime="20221010 19:53:29.272"/>
</kw>
<kw name="Wait Until Element Is Visible" library="AppiumLibrary">
<arg>id=com.sentrics.engage360:id/title</arg>
<doc>Waits until element specified with `locator` is visible.</doc>
<status status="PASS" starttime="20221010 19:53:29.272" endtime="20221010 19:53:30.047"/>
</kw>
<kw name="Element Should Be Visible" library="AppiumLibrary">
<arg>id=com.sentrics.engage360:id/title</arg>
<arg>Choose a Genre</arg>
<doc>Verifies that element identified with locator is visible.</doc>
<status status="PASS" starttime="20221010 19:53:30.047" endtime="20221010 19:53:30.220"/>
</kw>
<kw name="Wait Until Element Is Visible" library="AppiumLibrary">
<arg>id=com.sentrics.engage360:id/name</arg>
<doc>Waits until element specified with `locator` is visible.</doc>
<status status="PASS" starttime="20221010 19:53:30.220" endtime="20221010 19:53:30.374"/>
</kw>
<kw name="Element Should Be Visible" library="AppiumLibrary">
<arg>id=com.sentrics.engage360:id/name</arg>
<arg>Classical</arg>
<doc>Verifies that element identified with locator is visible.</doc>
<status status="PASS" starttime="20221010 19:53:30.374" endtime="20221010 19:53:30.518"/>
</kw>
<kw name="Press Keycode" library="AppiumLibrary">
<arg>22</arg>
<doc>Sends a press of keycode to the device.</doc>
<status status="PASS" starttime="20221010 19:53:30.518" endtime="20221010 19:53:30.649"/>
</kw>
<kw name="Press Keycode" library="AppiumLibrary">
<arg>20</arg>
<doc>Sends a press of keycode to the device.</doc>
<status status="PASS" starttime="20221010 19:53:30.649" endtime="20221010 19:53:31.324"/>
</kw>
<kw name="Press Keycode" library="AppiumLibrary">
<arg>20</arg>
<doc>Sends a press of keycode to the device.</doc>
<status status="PASS" starttime="20221010 19:53:31.325" endtime="20221010 19:53:32.000"/>
</kw>
<kw name="Wait Until Element Is Visible" library="AppiumLibrary">
<arg>id=com.sentrics.engage360:id/title</arg>
<doc>Waits until element specified with `locator` is visible.</doc>
<status status="PASS" starttime="20221010 19:53:32.000" endtime="20221010 19:53:32.682"/>
</kw>
<kw name="Element Should Be Visible" library="AppiumLibrary">
<arg>id=com.sentrics.engage360:id/title</arg>
<arg>Choose a Genre</arg>
<doc>Verifies that element identified with locator is visible.</doc>
<status status="PASS" starttime="20221010 19:53:32.683" endtime="20221010 19:53:32.801"/>
</kw>
<kw name="Press Keycode" library="AppiumLibrary">
<arg>23</arg>
<doc>Sends a press of keycode to the device.</doc>
<status status="PASS" starttime="20221010 19:53:32.801" endtime="20221010 19:53:32.878"/>
</kw>
<kw name="Wait Until Element Is Visible" library="AppiumLibrary">
<arg>id=com.sentrics.engage360:id/title</arg>
<doc>Waits until element specified with `locator` is visible.</doc>
<status status="PASS" starttime="20221010 19:53:32.880" endtime="20221010 19:53:33.659"/>
</kw>
<kw name="Element Should Be Visible" library="AppiumLibrary">
<arg>id=com.sentrics.engage360:id/title</arg>
<arg>Choose a Style</arg>
<doc>Verifies that element identified with locator is visible.</doc>
<status status="PASS" starttime="20221010 19:53:33.660" endtime="20221010 19:53:33.824"/>
</kw>
<kw name="Press Keycode" library="AppiumLibrary">
<arg>4</arg>
<doc>Sends a press of keycode to the device.</doc>
<status status="PASS" starttime="20221010 19:53:33.824" endtime="20221010 19:53:33.891"/>
</kw>
<kw name="Wait Until Element Is Visible" library="AppiumLibrary">
<arg>id=com.sentrics.engage360:id/title</arg>
<doc>Waits until element specified with `locator` is visible.</doc>
<status status="PASS" starttime="20221010 19:53:33.892" endtime="20221010 19:53:34.589"/>
</kw>
<kw name="Element Should Be Visible" library="AppiumLibrary">
<arg>id=com.sentrics.engage360:id/title</arg>
<arg>Choose a Genre</arg>
<doc>Verifies that element identified with locator is visible.</doc>
<status status="PASS" starttime="20221010 19:53:34.589" endtime="20221010 19:53:34.736"/>
</kw>
<kw name="Wait Until Element Is Visible" library="AppiumLibrary">
<arg>id=com.sentrics.engage360:id/name</arg>
<doc>Waits until element specified with `locator` is visible.</doc>
<status status="PASS" starttime="20221010 19:53:34.736" endtime="20221010 19:53:34.877"/>
</kw>
<kw name="Element Should Be Visible" library="AppiumLibrary">
<arg>id=com.sentrics.engage360:id/name</arg>
<arg>Classical</arg>
<doc>Verifies that element identified with locator is visible.</doc>
<status status="PASS" starttime="20221010 19:53:34.878" endtime="20221010 19:53:35.035"/>
</kw>
<kw name="Press Keycode" library="AppiumLibrary">
<arg>22</arg>
<doc>Sends a press of keycode to the device.</doc>
<status status="PASS" starttime="20221010 19:53:35.035" endtime="20221010 19:53:35.160"/>
</kw>
<kw name="Press Keycode" library="AppiumLibrary">
<arg>22</arg>
<doc>Sends a press of keycode to the device.</doc>
<status status="PASS" starttime="20221010 19:53:35.160" endtime="20221010 19:53:35.843"/>
</kw>
<kw name="Wait Until Element Is Visible" library="AppiumLibrary">
<arg>id=com.sentrics.engage360:id/title</arg>
<doc>Waits until element specified with `locator` is visible.</doc>
<status status="PASS" starttime="20221010 19:53:35.844" endtime="20221010 19:53:36.547"/>
</kw>
<kw name="Element Should Be Visible" library="AppiumLibrary">
<arg>id=com.sentrics.engage360:id/title</arg>
<arg>Choose a Genre</arg>
<doc>Verifies that element identified with locator is visible.</doc>
<status status="PASS" starttime="20221010 19:53:36.548" endtime="20221010 19:53:36.687"/>
</kw>
<kw name="Press Keycode" library="AppiumLibrary">
<arg>23</arg>
<doc>Sends a press of keycode to the device.</doc>
<status status="PASS" starttime="20221010 19:53:36.687" endtime="20221010 19:53:36.775"/>
</kw>
<kw name="Wait Until Element Is Visible" library="AppiumLibrary">
<arg>id=com.sentrics.engage360:id/title</arg>
<doc>Waits until element specified with `locator` is visible.</doc>
<status status="PASS" starttime="20221010 19:53:36.775" endtime="20221010 19:53:37.546"/>
</kw>
<kw name="Element Should Be Visible" library="AppiumLibrary">
<arg>id=com.sentrics.engage360:id/title</arg>
<arg>Choose a Style</arg>
<doc>Verifies that element identified with locator is visible.</doc>
<status status="PASS" starttime="20221010 19:53:37.547" endtime="20221010 19:53:37.691"/>
</kw>
<kw name="Press Keycode" library="AppiumLibrary">
<arg>4</arg>
<doc>Sends a press of keycode to the device.</doc>
<status status="PASS" starttime="20221010 19:53:37.691" endtime="20221010 19:53:37.796"/>
</kw>
<kw name="Wait Until Element Is Visible" library="AppiumLibrary">
<arg>id=com.sentrics.engage360:id/title</arg>
<doc>Waits until element specified with `locator` is visible.</doc>
<status status="PASS" starttime="20221010 19:53:37.797" endtime="20221010 19:53:38.615"/>
</kw>
<kw name="Element Should Be Visible" library="AppiumLibrary">
<arg>id=com.sentrics.engage360:id/title</arg>
<arg>Choose a Genre</arg>
<doc>Verifies that element identified with locator is visible.</doc>
<status status="PASS" starttime="20221010 19:53:38.616" endtime="20221010 19:53:38.791"/>
</kw>
<kw name="Wait Until Element Is Visible" library="AppiumLibrary">
<arg>id=com.sentrics.engage360:id/name</arg>
<doc>Waits until element specified with `locator` is visible.</doc>
<status status="PASS" starttime="20221010 19:53:38.791" endtime="20221010 19:53:38.954"/>
</kw>
<kw name="Element Should Be Visible" library="AppiumLibrary">
<arg>id=com.sentrics.engage360:id/name</arg>
<arg>Classical</arg>
<doc>Verifies that element identified with locator is visible.</doc>
<status status="PASS" starttime="20221010 19:53:38.954" endtime="20221010 19:53:39.096"/>
</kw>
<kw name="Press Keycode" library="AppiumLibrary">
<arg>22</arg>
<doc>Sends a press of keycode to the device.</doc>
<status status="PASS" starttime="20221010 19:53:39.096" endtime="20221010 19:53:39.211"/>
</kw>
<kw name="Press Keycode" library="AppiumLibrary">
<arg>22</arg>
<doc>Sends a press of keycode to the device.</doc>
<status status="PASS" starttime="20221010 19:53:39.211" endtime="20221010 19:53:39.896"/>
</kw>
<kw name="Press Keycode" library="AppiumLibrary">
<arg>20</arg>
<doc>Sends a press of keycode to the device.</doc>
<status status="PASS" starttime="20221010 19:53:39.897" endtime="20221010 19:53:40.589"/>
</kw>
<kw name="Wait Until Element Is Visible" library="AppiumLibrary">
<arg>id=com.sentrics.engage360:id/title</arg>
<doc>Waits until element specified with `locator` is visible.</doc>
<status status="PASS" starttime="20221010 19:53:40.589" endtime="20221010 19:53:41.282"/>
</kw>
<kw name="Element Should Be Visible" library="AppiumLibrary">
<arg>id=com.sentrics.engage360:id/title</arg>
<arg>Choose a Genre</arg>
<doc>Verifies that element identified with locator is visible.</doc>
<status status="PASS" starttime="20221010 19:53:41.282" endtime="20221010 19:53:41.436"/>
</kw>
<kw name="Press Keycode" library="AppiumLibrary">
<arg>23</arg>
<doc>Sends a press of keycode to the device.</doc>
<status status="PASS" starttime="20221010 19:53:41.437" endtime="20221010 19:53:41.512"/>
</kw>
<kw name="Wait Until Element Is Visible" library="AppiumLibrary">
<arg>id=com.sentrics.engage360:id/title</arg>
<doc>Waits until element specified with `locator` is visible.</doc>
<status status="PASS" starttime="20221010 19:53:41.513" endtime="20221010 19:53:42.273"/>
</kw>
<kw name="Element Should Be Visible" library="AppiumLibrary">
<arg>id=com.sentrics.engage360:id/title</arg>
<arg>Choose a Style</arg>
<doc>Verifies that element identified with locator is visible.</doc>
<status status="PASS" starttime="20221010 19:53:42.274" endtime="20221010 19:53:42.404"/>
</kw>
<kw name="Press Keycode" library="AppiumLibrary">
<arg>4</arg>
<doc>Sends a press of keycode to the device.</doc>
<status status="PASS" starttime="20221010 19:53:42.404" endtime="20221010 19:53:42.475"/>
</kw>
<kw name="Wait Until Element Is Visible" library="AppiumLibrary">
<arg>id=com.sentrics.engage360:id/title</arg>
<doc>Waits until element specified with `locator` is visible.</doc>
<status status="PASS" starttime="20221010 19:53:42.475" endtime="20221010 19:53:43.206"/>
</kw>
<kw name="Element Should Be Visible" library="AppiumLibrary">
<arg>id=com.sentrics.engage360:id/title</arg>
<arg>Choose a Genre</arg>
<doc>Verifies that element identified with locator is visible.</doc>
<status status="PASS" starttime="20221010 19:53:43.206" endtime="20221010 19:53:43.356"/>
</kw>
<kw name="Wait Until Element Is Visible" library="AppiumLibrary">
<arg>id=com.sentrics.engage360:id/name</arg>
<doc>Waits until element specified with `locator` is visible.</doc>
<status status="PASS" starttime="20221010 19:53:43.356" endtime="20221010 19:53:43.500"/>
</kw>
<kw name="Element Should Be Visible" library="AppiumLibrary">
<arg>id=com.sentrics.engage360:id/name</arg>
<arg>Classical</arg>
<doc>Verifies that element identified with locator is visible.</doc>
<status status="PASS" starttime="20221010 19:53:43.501" endtime="20221010 19:53:43.632"/>
</kw>
<kw name="Press Keycode" library="AppiumLibrary">
<arg>22</arg>
<doc>Sends a press of keycode to the device.</doc>
<status status="PASS" starttime="20221010 19:53:43.632" endtime="20221010 19:53:43.762"/>
</kw>
<kw name="Press Keycode" library="AppiumLibrary">
<arg>22</arg>
<doc>Sends a press of keycode to the device.</doc>
<status status="PASS" starttime="20221010 19:53:43.762" endtime="20221010 19:53:44.444"/>
</kw>
<kw name="Press Keycode" library="AppiumLibrary">
<arg>20</arg>
<doc>Sends a press of keycode to the device.</doc>
<status status="PASS" starttime="20221010 19:53:44.444" endtime="20221010 19:53:45.102"/>
</kw>
<kw name="Press Keycode" library="AppiumLibrary">
<arg>20</arg>
<doc>Sends a press of keycode to the device.</doc>
<status status="PASS" starttime="20221010 19:53:45.103" endtime="20221010 19:53:45.786"/>
</kw>
<kw name="Wait Until Element Is Visible" library="AppiumLibrary">
<arg>id=com.sentrics.engage360:id/title</arg>
<doc>Waits until element specified with `locator` is visible.</doc>
<status status="PASS" starttime="20221010 19:53:45.787" endtime="20221010 19:53:46.483"/>
</kw>
<kw name="Element Should Be Visible" library="AppiumLibrary">
<arg>id=com.sentrics.engage360:id/title</arg>
<arg>Choose a Genre</arg>
<doc>Verifies that element identified with locator is visible.</doc>
<status status="PASS" starttime="20221010 19:53:46.484" endtime="20221010 19:53:46.637"/>
</kw>
<kw name="Press Keycode" library="AppiumLibrary">
<arg>23</arg>
<doc>Sends a press of keycode to the device.</doc>
<status status="PASS" starttime="20221010 19:53:46.638" endtime="20221010 19:53:46.710"/>
</kw>
<kw name="Wait Until Element Is Visible" library="AppiumLibrary">
<arg>id=com.sentrics.engage360:id/title</arg>
<doc>Waits until element specified with `locator` is visible.</doc>
<status status="PASS" starttime="20221010 19:53:46.711" endtime="20221010 19:53:47.486"/>
</kw>
<kw name="Element Should Be Visible" library="AppiumLibrary">
<arg>id=com.sentrics.engage360:id/title</arg>
<arg>Choose a Style</arg>
<doc>Verifies that element identified with locator is visible.</doc>
<status status="PASS" starttime="20221010 19:53:47.487" endtime="20221010 19:53:47.661"/>
</kw>
<kw name="Press Keycode" library="AppiumLibrary">
<arg>4</arg>
<doc>Sends a press of keycode to the device.</doc>
<status status="PASS" starttime="20221010 19:53:47.663" endtime="20221010 19:53:47.759"/>
</kw>
<kw name="Wait Until Element Is Visible" library="AppiumLibrary">
<arg>id=com.sentrics.engage360:id/title</arg>
<doc>Waits until element specified with `locator` is visible.</doc>
<status status="PASS" starttime="20221010 19:53:47.759" endtime="20221010 19:53:48.444"/>
</kw>
<kw name="Element Should Be Visible" library="AppiumLibrary">
<arg>id=com.sentrics.engage360:id/title</arg>
<arg>Choose a Genre</arg>
<doc>Verifies that element identified with locator is visible.</doc>
<status status="PASS" starttime="20221010 19:53:48.445" endtime="20221010 19:53:48.624"/>
</kw>
<kw name="Wait Until Element Is Visible" library="AppiumLibrary">
<arg>id=com.sentrics.engage360:id/title</arg>
<doc>Waits until element specified with `locator` is visible.</doc>
<status status="PASS" starttime="20221010 19:53:48.625" endtime="20221010 19:53:48.748"/>
</kw>
<kw name="Element Should Be Visible" library="AppiumLibrary">
<arg>id=com.sentrics.engage360:id/title</arg>
<arg>Choose a Purpose</arg>
<doc>Verifies that element identified with locator is visible.</doc>
<status status="PASS" starttime="20221010 19:53:48.748" endtime="20221010 19:53:48.880"/>
</kw>
<kw name="Wait Until Element Is Visible" library="AppiumLibrary">
<arg>id=com.sentrics.engage360:id/name</arg>
<doc>Waits until element specified with `locator` is visible.</doc>
<status status="PASS" starttime="20221010 19:53:48.880" endtime="20221010 19:53:49.019"/>
</kw>
<kw name="Element Should Be Visible" library="AppiumLibrary">
<arg>id=com.sentrics.engage360:id/name</arg>
<arg>Wake</arg>
<doc>Verifies that element identified with locator is visible.</doc>
<status status="PASS" starttime="20221010 19:53:49.019" endtime="20221010 19:53:49.148"/>
</kw>
<kw name="Press Keycode" library="AppiumLibrary">
<arg>4</arg>
<doc>Sends a press of keycode to the device.</doc>
<status status="PASS" starttime="20221010 19:53:49.148" endtime="20221010 19:53:49.209"/>
</kw>
<kw name="Wait Until Element Is Visible" library="AppiumLibrary">
<arg>id=com.sentrics.engage360:id/name</arg>
<doc>Waits until element specified with `locator` is visible.</doc>
<status status="PASS" starttime="20221010 19:53:49.209" endtime="20221010 19:53:49.935"/>
</kw>
<kw name="Element Should Be Visible" library="AppiumLibrary">
<arg>id=com.sentrics.engage360:id/name</arg>
<arg>Wake</arg>
<doc>Verifies that element identified with locator is visible.</doc>
<status status="PASS" starttime="20221010 19:53:49.936" endtime="20221010 19:53:50.114"/>
</kw>
<kw name="Press Keycode" library="AppiumLibrary">
<arg>20</arg>
<doc>Sends a press of keycode to the device.</doc>
<status status="PASS" starttime="20221010 19:53:50.114" endtime="20221010 19:53:50.239"/>
</kw>
<kw name="Wait Until Element Is Visible" library="AppiumLibrary">
<arg>id=com.sentrics.engage360:id/name</arg>
<doc>Waits until element specified with `locator` is visible.</doc>
<status status="PASS" starttime="20221010 19:53:50.239" endtime="20221010 19:53:50.903"/>
</kw>
<kw name="Element Should Be Visible" library="AppiumLibrary">
<arg>id=com.sentrics.engage360:id/name</arg>
<arg>Energy</arg>
<doc>Verifies that element identified with locator is visible.</doc>
<status status="PASS" starttime="20221010 19:53:50.903" endtime="20221010 19:53:51.045"/>
</kw>
<kw name="Press Keycode" library="AppiumLibrary">
<arg>23</arg>
<doc>Sends a press of keycode to the device.</doc>
<status status="PASS" starttime="20221010 19:53:51.045" endtime="20221010 19:53:51.120"/>
</kw>
<kw name="Wait Until Element Is Visible" library="AppiumLibrary">
<arg>id=com.sentrics.engage360:id/name</arg>
<doc>Waits until element specified with `locator` is visible.</doc>
<status status="PASS" starttime="20221010 19:53:51.121" endtime="20221010 19:53:51.876"/>
</kw>
<kw name="Element Should Be Visible" library="AppiumLibrary">
<arg>id=com.sentrics.engage360:id/name</arg>
<arg>Classical</arg>
<doc>Verifies that element identified with locator is visible.</doc>
<status status="PASS" starttime="20221010 19:53:51.877" endtime="20221010 19:53:52.026"/>
</kw>
<kw name="Press Keycode" library="AppiumLibrary">
<arg>23</arg>
<doc>Sends a press of keycode to the device.</doc>
<status status="PASS" starttime="20221010 19:53:52.026" endtime="20221010 19:53:52.131"/>
</kw>
<kw name="Wait Until Element Is Visible" library="AppiumLibrary">
<arg>id=com.sentrics.engage360:id/title</arg>
<doc>Waits until element specified with `locator` is visible.</doc>
<status status="PASS" starttime="20221010 19:53:52.132" endtime="20221010 19:53:52.908"/>
</kw>
<kw name="Element Should Be Visible" library="AppiumLibrary">
<arg>id=com.sentrics.engage360:id/title</arg>
<arg>Choose a Style</arg>
<doc>Verifies that element identified with locator is visible.</doc>
<status status="PASS" starttime="20221010 19:53:52.910" endtime="20221010 19:53:53.053"/>
</kw>
<kw name="Press Keycode" library="AppiumLibrary">
<arg>4</arg>
<doc>Sends a press of keycode to the device.</doc>
<status status="PASS" starttime="20221010 19:53:53.054" endtime="20221010 19:53:53.141"/>
</kw>
<kw name="Wait Until Element Is Visible" library="AppiumLibrary">
<arg>id=com.sentrics.engage360:id/title</arg>
<doc>Waits until element specified with `locator` is visible.</doc>
<status status="PASS" starttime="20221010 19:53:53.142" endtime="20221010 19:53:53.827"/>
</kw>
<kw name="Element Should Be Visible" library="AppiumLibrary">
<arg>id=com.sentrics.engage360:id/title</arg>
<arg>Choose a Genre</arg>
<doc>Verifies that element identified with locator is visible.</doc>
<status status="PASS" starttime="20221010 19:53:53.828" endtime="20221010 19:53:53.991"/>
</kw>
<kw name="Wait Until Element Is Visible" library="AppiumLibrary">
<arg>id=com.sentrics.engage360:id/title</arg>
<doc>Waits until element specified with `locator` is visible.</doc>
<status status="PASS" starttime="20221010 19:53:53.992" endtime="20221010 19:53:54.120"/>
</kw>
<kw name="Element Should Be Visible" library="AppiumLibrary">
<arg>id=com.sentrics.engage360:id/title</arg>
<arg>Choose a Genre</arg>
<doc>Verifies that element identified with locator is visible.</doc>
<status status="PASS" starttime="20221010 19:53:54.120" endtime="20221010 19:53:54.246"/>
</kw>
<kw name="Press Keycode" library="AppiumLibrary">
<arg>20</arg>
<doc>Sends a press of keycode to the device.</doc>
<status status="PASS" starttime="20221010 19:53:54.246" endtime="20221010 19:53:54.377"/>
</kw>
<kw name="Wait Until Element Is Visible" library="AppiumLibrary">
<arg>id=com.sentrics.engage360:id/name</arg>
<doc>Waits until element specified with `locator` is visible.</doc>
<status status="PASS" starttime="20221010 19:53:54.378" endtime="20221010 19:53:55.093"/>
</kw>
<kw name="Element Should Be Visible" library="AppiumLibrary">
<arg>id=com.sentrics.engage360:id/name</arg>
<arg>Instrumental</arg>
<doc>Verifies that element identified with locator is visible.</doc>
<status status="PASS" starttime="20221010 19:53:55.094" endtime="20221010 19:53:55.228"/>
</kw>
<kw name="Press Keycode" library="AppiumLibrary">
<arg>23</arg>
<doc>Sends a press of keycode to the device.</doc>
<status status="PASS" starttime="20221010 19:53:55.228" endtime="20221010 19:53:55.325"/>
</kw>
<kw name="Wait Until Element Is Visible" library="AppiumLibrary">
<arg>id=com.sentrics.engage360:id/title</arg>
<doc>Waits until element specified with `locator` is visible.</doc>
<status status="PASS" starttime="20221010 19:53:55.326" endtime="20221010 19:53:56.077"/>
</kw>
<kw name="Element Should Be Visible" library="AppiumLibrary">
<arg>id=com.sentrics.engage360:id/title</arg>
<arg>Choose a Style</arg>
<doc>Verifies that element identified with locator is visible.</doc>
<status status="PASS" starttime="20221010 19:53:56.078" endtime="20221010 19:53:56.238"/>
</kw>
<kw name="Press Keycode" library="AppiumLibrary">
<arg>4</arg>
<doc>Sends a press of keycode to the device.</doc>
<status status="PASS" starttime="20221010 19:53:56.239" endtime="20221010 19:53:56.302"/>
</kw>
<kw name="Wait Until Element Is Visible" library="AppiumLibrary">
<arg>id=com.sentrics.engage360:id/title</arg>
<doc>Waits until element specified with `locator` is visible.</doc>
<status status="PASS" starttime="20221010 19:53:56.302" endtime="20221010 19:53:57.016"/>
</kw>
<kw name="Element Should Be Visible" library="AppiumLibrary">
<arg>id=com.sentrics.engage360:id/title</arg>
<arg>Choose a Genre</arg>
<doc>Verifies that element identified with locator is visible.</doc>
<status status="PASS" starttime="20221010 19:53:57.017" endtime="20221010 19:53:57.208"/>
</kw>
<kw name="Wait Until Element Is Visible" library="AppiumLibrary">
<arg>id=com.sentrics.engage360:id/title</arg>
<doc>Waits until element specified with `locator` is visible.</doc>
<status status="PASS" starttime="20221010 19:53:57.208" endtime="20221010 19:53:57.389"/>
</kw>
<kw name="Element Should Be Visible" library="AppiumLibrary">
<arg>id=com.sentrics.engage360:id/title</arg>
<arg>Choose a Genre</arg>
<doc>Verifies that element identified with locator is visible.</doc>
<status status="PASS" starttime="20221010 19:53:57.389" endtime="20221010 19:53:57.534"/>
</kw>
<kw name="Press Keycode" library="AppiumLibrary">
<arg>20</arg>
<doc>Sends a press of keycode to the device.</doc>
<status status="PASS" starttime="20221010 19:53:57.535" endtime="20221010 19:53:57.643"/>
</kw>
<kw name="Press Keycode" library="AppiumLibrary">
<arg>20</arg>
<doc>Sends a press of keycode to the device.</doc>
<status status="PASS" starttime="20221010 19:53:57.643" endtime="20221010 19:53:58.342"/>
</kw>
<kw name="Wait Until Element Is Visible" library="AppiumLibrary">
<arg>id=com.sentrics.engage360:id/name</arg>
<doc>Waits until element specified with `locator` is visible.</doc>
<status status="PASS" starttime="20221010 19:53:58.342" endtime="20221010 19:53:59.057"/>
</kw>
<kw name="Element Should Be Visible" library="AppiumLibrary">
<arg>id=com.sentrics.engage360:id/name</arg>
<arg>Oldies</arg>
<doc>Verifies that element identified with locator is visible.</doc>
<status status="PASS" starttime="20221010 19:53:59.057" endtime="20221010 19:53:59.205"/>
</kw>
<kw name="Press Keycode" library="AppiumLibrary">
<arg>23</arg>
<doc>Sends a press of keycode to the device.</doc>
<status status="PASS" starttime="20221010 19:53:59.205" endtime="20221010 19:53:59.294"/>
</kw>
<kw name="Wait Until Element Is Visible" library="AppiumLibrary">
<arg>id=com.sentrics.engage360:id/title</arg>
<doc>Waits until element specified with `locator` is visible.</doc>
<status status="PASS" starttime="20221010 19:53:59.294" endtime="20221010 19:54:00.069"/>
</kw>
<kw name="Element Should Be Visible" library="AppiumLibrary">
<arg>id=com.sentrics.engage360:id/title</arg>
<arg>Choose a Style</arg>
<doc>Verifies that element identified with locator is visible.</doc>
<status status="PASS" starttime="20221010 19:54:00.070" endtime="20221010 19:54:00.219"/>
</kw>
<kw name="Press Keycode" library="AppiumLibrary">
<arg>4</arg>
<doc>Sends a press of keycode to the device.</doc>
<status status="PASS" starttime="20221010 19:54:00.221" endtime="20221010 19:54:00.305"/>
</kw>
<kw name="Wait Until Element Is Visible" library="AppiumLibrary">
<arg>id=com.sentrics.engage360:id/title</arg>
<doc>Waits until element specified with `locator` is visible.</doc>
<status status="PASS" starttime="20221010 19:54:00.305" endtime="20221010 19:54:01.058"/>
</kw>
<kw name="Element Should Be Visible" library="AppiumLibrary">
<arg>id=com.sentrics.engage360:id/title</arg>
<arg>Choose a Genre</arg>
<doc>Verifies that element identified with locator is visible.</doc>
<status status="PASS" starttime="20221010 19:54:01.059" endtime="20221010 19:54:01.254"/>
</kw>
<kw name="Wait Until Element Is Visible" library="AppiumLibrary">
<arg>id=com.sentrics.engage360:id/title</arg>
<doc>Waits until element specified with `locator` is visible.</doc>
<status status="PASS" starttime="20221010 19:54:01.254" endtime="20221010 19:54:01.396"/>
</kw>
<kw name="Element Should Be Visible" library="AppiumLibrary">
<arg>id=com.sentrics.engage360:id/title</arg>
<arg>Choose a Genre</arg>
<doc>Verifies that element identified with locator is visible.</doc>
<status status="PASS" starttime="20221010 19:54:01.396" endtime="20221010 19:54:01.524"/>
</kw>
<kw name="Press Keycode" library="AppiumLibrary">
<arg>20</arg>
<doc>Sends a press of keycode to the device.</doc>
<status status="PASS" starttime="20221010 19:54:01.524" endtime="20221010 19:54:01.654"/>
</kw>
<kw name="Press Keycode" library="AppiumLibrary">
<arg>20</arg>
<doc>Sends a press of keycode to the device.</doc>
<status status="PASS" starttime="20221010 19:54:01.654" endtime="20221010 19:54:02.352"/>
</kw>
<kw name="Press Keycode" library="AppiumLibrary">
<arg>20</arg>
<doc>Sends a press of keycode to the device.</doc>
<status status="PASS" starttime="20221010 19:54:02.352" endtime="20221010 19:54:03.038"/>
</kw>
<kw name="Wait Until Element Is Visible" library="AppiumLibrary">
<arg>id=com.sentrics.engage360:id/name</arg>
<doc>Waits until element specified with `locator` is visible.</doc>
<status status="PASS" starttime="20221010 19:54:03.039" endtime="20221010 19:54:03.735"/>
</kw>
<kw name="Element Should Be Visible" library="AppiumLibrary">
<arg>id=com.sentrics.engage360:id/name</arg>
<arg>Show Tunes</arg>
<doc>Verifies that element identified with locator is visible.</doc>
<status status="PASS" starttime="20221010 19:54:03.735" endtime="20221010 19:54:03.894"/>
</kw>
<kw name="Press Keycode" library="AppiumLibrary">
<arg>23</arg>
<doc>Sends a press of keycode to the device.</doc>
<status status="PASS" starttime="20221010 19:54:03.895" endtime="20221010 19:54:03.950"/>
</kw>
<kw name="Wait Until Element Is Visible" library="AppiumLibrary">
<arg>id=com.sentrics.engage360:id/title</arg>
<doc>Waits until element specified with `locator` is visible.</doc>
<status status="PASS" starttime="20221010 19:54:03.950" endtime="20221010 19:54:04.691"/>
</kw>
<kw name="Element Should Be Visible" library="AppiumLibrary">
<arg>id=com.sentrics.engage360:id/title</arg>
<arg>Choose a Style</arg>
<doc>Verifies that element identified with locator is visible.</doc>
<status status="PASS" starttime="20221010 19:54:04.692" endtime="20221010 19:54:04.853"/>
</kw>
<kw name="Press Keycode" library="AppiumLibrary">
<arg>4</arg>
<doc>Sends a press of keycode to the device.</doc>
<status status="PASS" starttime="20221010 19:54:04.854" endtime="20221010 19:54:04.934"/>
</kw>
<kw name="Wait Until Element Is Visible" library="AppiumLibrary">
<arg>id=com.sentrics.engage360:id/title</arg>
<doc>Waits until element specified with `locator` is visible.</doc>
<status status="PASS" starttime="20221010 19:54:04.934" endtime="20221010 19:54:05.624"/>
</kw>
<kw name="Element Should Be Visible" library="AppiumLibrary">
<arg>id=com.sentrics.engage360:id/title</arg>
<arg>Choose a Genre</arg>
<doc>Verifies that element identified with locator is visible.</doc>
<status status="PASS" starttime="20221010 19:54:05.624" endtime="20221010 19:54:05.801"/>
</kw>
<kw name="Wait Until Element Is Visible" library="AppiumLibrary">
<arg>id=com.sentrics.engage360:id/title</arg>
<doc>Waits until element specified with `locator` is visible.</doc>
<status status="PASS" starttime="20221010 19:54:05.801" endtime="20221010 19:54:05.943"/>
</kw>
<kw name="Element Should Be Visible" library="AppiumLibrary">
<arg>id=com.sentrics.engage360:id/title</arg>
<arg>Choose a Genre</arg>
<doc>Verifies that element identified with locator is visible.</doc>
<status status="PASS" starttime="20221010 19:54:05.944" endtime="20221010 19:54:06.091"/>
</kw>
<kw name="Press Keycode" library="AppiumLibrary">
<arg>22</arg>
<doc>Sends a press of keycode to the device.</doc>
<status status="PASS" starttime="20221010 19:54:06.092" endtime="20221010 19:54:06.236"/>
</kw>
<kw name="Wait Until Element Is Visible" library="AppiumLibrary">
<arg>id=com.sentrics.engage360:id/name</arg>
<doc>Waits until element specified with `locator` is visible.</doc>
<status status="PASS" starttime="20221010 19:54:06.237" endtime="20221010 19:54:06.937"/>
</kw>
<kw name="Element Should Be Visible" library="AppiumLibrary">
<arg>id=com.sentrics.engage360:id/name</arg>
<arg>Country</arg>
<doc>Verifies that element identified with locator is visible.</doc>
<status status="PASS" starttime="20221010 19:54:06.938" endtime="20221010 19:54:07.077"/>
</kw>
<kw name="Press Keycode" library="AppiumLibrary">
<arg>23</arg>
<doc>Sends a press of keycode to the device.</doc>
<status status="PASS" starttime="20221010 19:54:07.077" endtime="20221010 19:54:07.157"/>
</kw>
<kw name="Wait Until Element Is Visible" library="AppiumLibrary">
<arg>id=com.sentrics.engage360:id/title</arg>
<doc>Waits until element specified with `locator` is visible.</doc>
<status status="PASS" starttime="20221010 19:54:07.157" endtime="20221010 19:54:07.924"/>
</kw>
<kw name="Element Should Be Visible" library="AppiumLibrary">
<arg>id=com.sentrics.engage360:id/title</arg>
<arg>Choose a Style</arg>
<doc>Verifies that element identified with locator is visible.</doc>
<status status="PASS" starttime="20221010 19:54:07.925" endtime="20221010 19:54:08.055"/>
</kw>
<kw name="Press Keycode" library="AppiumLibrary">
<arg>4</arg>
<doc>Sends a press of keycode to the device.</doc>
<status status="PASS" starttime="20221010 19:54:08.056" endtime="20221010 19:54:08.140"/>
</kw>
<kw name="Wait Until Element Is Visible" library="AppiumLibrary">
<arg>id=com.sentrics.engage360:id/title</arg>
<doc>Waits until element specified with `locator` is visible.</doc>
<status status="PASS" starttime="20221010 19:54:08.140" endtime="20221010 19:54:08.888"/>
</kw>
<kw name="Element Should Be Visible" library="AppiumLibrary">
<arg>id=com.sentrics.engage360:id/title</arg>
<arg>Choose a Genre</arg>
<doc>Verifies that element identified with locator is visible.</doc>
<status status="PASS" starttime="20221010 19:54:08.890" endtime="20221010 19:54:09.063"/>
</kw>
<kw name="Wait Until Element Is Visible" library="AppiumLibrary">
<arg>id=com.sentrics.engage360:id/title</arg>
<doc>Waits until element specified with `locator` is visible.</doc>
<status status="PASS" starttime="20221010 19:54:09.065" endtime="20221010 19:54:09.219"/>
</kw>
<kw name="Element Should Be Visible" library="AppiumLibrary">
<arg>id=com.sentrics.engage360:id/title</arg>
<arg>Choose a Genre</arg>
<doc>Verifies that element identified with locator is visible.</doc>
<status status="PASS" starttime="20221010 19:54:09.219" endtime="20221010 19:54:09.365"/>
</kw>
<kw name="Press Keycode" library="AppiumLibrary">
<arg>22</arg>
<doc>Sends a press of keycode to the device.</doc>
<status status="PASS" starttime="20221010 19:54:09.365" endtime="20221010 19:54:09.519"/>
</kw>
<kw name="Press Keycode" library="AppiumLibrary">
<arg>20</arg>
<doc>Sends a press of keycode to the device.</doc>
<status status="PASS" starttime="20221010 19:54:09.519" endtime="20221010 19:54:10.170"/>
</kw>
<kw name="Wait Until Element Is Visible" library="AppiumLibrary">
<arg>id=com.sentrics.engage360:id/name</arg>
<doc>Waits until element specified with `locator` is visible.</doc>
<status status="PASS" starttime="20221010 19:54:10.170" endtime="20221010 19:54:10.867"/>
</kw>
<kw name="Element Should Be Visible" library="AppiumLibrary">
<arg>id=com.sentrics.engage360:id/name</arg>
<arg>Jazz</arg>
<doc>Verifies that element identified with locator is visible.</doc>
<status status="PASS" starttime="20221010 19:54:10.867" endtime="20221010 19:54:11.023"/>
</kw>
<kw name="Press Keycode" library="AppiumLibrary">
<arg>23</arg>
<doc>Sends a press of keycode to the device.</doc>
<status status="PASS" starttime="20221010 19:54:11.023" endtime="20221010 19:54:11.110"/>
</kw>
<kw name="Wait Until Element Is Visible" library="AppiumLibrary">
<arg>id=com.sentrics.engage360:id/title</arg>
<doc>Waits until element specified with `locator` is visible.</doc>
<status status="PASS" starttime="20221010 19:54:11.110" endtime="20221010 19:54:11.909"/>
</kw>
<kw name="Element Should Be Visible" library="AppiumLibrary">
<arg>id=com.sentrics.engage360:id/title</arg>
<arg>Choose a Style</arg>
<doc>Verifies that element identified with locator is visible.</doc>
<status status="PASS" starttime="20221010 19:54:11.910" endtime="20221010 19:54:12.059"/>
</kw>
<kw name="Press Keycode" library="AppiumLibrary">
<arg>4</arg>
<doc>Sends a press of keycode to the device.</doc>
<status status="PASS" starttime="20221010 19:54:12.060" endtime="20221010 19:54:12.132"/>
</kw>
<kw name="Wait Until Element Is Visible" library="AppiumLibrary">
<arg>id=com.sentrics.engage360:id/title</arg>
<doc>Waits until element specified with `locator` is visible.</doc>
<status status="PASS" starttime="20221010 19:54:12.132" endtime="20221010 19:54:12.842"/>
</kw>
<kw name="Element Should Be Visible" library="AppiumLibrary">
<arg>id=com.sentrics.engage360:id/title</arg>
<arg>Choose a Genre</arg>
<doc>Verifies that element identified with locator is visible.</doc>
<status status="PASS" starttime="20221010 19:54:12.843" endtime="20221010 19:54:12.990"/>
</kw>
<kw name="Wait Until Element Is Visible" library="AppiumLibrary">
<arg>id=com.sentrics.engage360:id/title</arg>
<doc>Waits until element specified with `locator` is visible.</doc>
<status status="PASS" starttime="20221010 19:54:12.990" endtime="20221010 19:54:13.122"/>
</kw>
<kw name="Element Should Be Visible" library="AppiumLibrary">
<arg>id=com.sentrics.engage360:id/title</arg>
<arg>Choose a Genre</arg>
<doc>Verifies that element identified with locator is visible.</doc>
<status status="PASS" starttime="20221010 19:54:13.123" endtime="20221010 19:54:13.527"/>
</kw>
<kw name="Press Keycode" library="AppiumLibrary">
<arg>22</arg>
<doc>Sends a press of keycode to the device.</doc>
<status status="PASS" starttime="20221010 19:54:13.527" endtime="20221010 19:54:13.667"/>
</kw>
<kw name="Press Keycode" library="AppiumLibrary">
<arg>20</arg>
<doc>Sends a press of keycode to the device.</doc>
<status status="PASS" starttime="20221010 19:54:13.667" endtime="20221010 19:54:14.344"/>
</kw>
<kw name="Press Keycode" library="AppiumLibrary">
<arg>20</arg>
<doc>Sends a press of keycode to the device.</doc>
<status status="PASS" starttime="20221010 19:54:14.344" endtime="20221010 19:54:15.001"/>
</kw>
<kw name="Wait Until Element Is Visible" library="AppiumLibrary">
<arg>id=com.sentrics.engage360:id/name</arg>
<doc>Waits until element specified with `locator` is visible.</doc>
<status status="PASS" starttime="20221010 19:54:15.002" endtime="20221010 19:54:15.695"/>
</kw>
<kw name="Element Should Be Visible" library="AppiumLibrary">
<arg>id=com.sentrics.engage360:id/name</arg>
<arg>Pop</arg>
<doc>Verifies that element identified with locator is visible.</doc>
<status status="PASS" starttime="20221010 19:54:15.695" endtime="20221010 19:54:15.843"/>
</kw>
<kw name="Press Keycode" library="AppiumLibrary">
<arg>23</arg>
<doc>Sends a press of keycode to the device.</doc>
<status status="PASS" starttime="20221010 19:54:15.844" endtime="20221010 19:54:15.935"/>
</kw>
<kw name="Wait Until Element Is Visible" library="AppiumLibrary">
<arg>id=com.sentrics.engage360:id/title</arg>
<doc>Waits until element specified with `locator` is visible.</doc>
<status status="PASS" starttime="20221010 19:54:15.935" endtime="20221010 19:54:16.686"/>
</kw>
<kw name="Element Should Be Visible" library="AppiumLibrary">
<arg>id=com.sentrics.engage360:id/title</arg>
<arg>Choose a Style</arg>
<doc>Verifies that element identified with locator is visible.</doc>
<status status="PASS" starttime="20221010 19:54:16.686" endtime="20221010 19:54:16.835"/>
</kw>
<kw name="Press Keycode" library="AppiumLibrary">
<arg>4</arg>
<doc>Sends a press of keycode to the device.</doc>
<status status="PASS" starttime="20221010 19:54:16.836" endtime="20221010 19:54:16.980"/>
</kw>
<kw name="Wait Until Element Is Visible" library="AppiumLibrary">
<arg>id=com.sentrics.engage360:id/title</arg>
<doc>Waits until element specified with `locator` is visible.</doc>
<status status="PASS" starttime="20221010 19:54:16.980" endtime="20221010 19:54:17.879"/>
</kw>
<kw name="Element Should Be Visible" library="AppiumLibrary">
<arg>id=com.sentrics.engage360:id/title</arg>
<arg>Choose a Genre</arg>
<doc>Verifies that element identified with locator is visible.</doc>
<status status="PASS" starttime="20221010 19:54:17.879" endtime="20221010 19:54:18.065"/>
</kw>
<kw name="Wait Until Element Is Visible" library="AppiumLibrary">
<arg>id=com.sentrics.engage360:id/title</arg>
<doc>Waits until element specified with `locator` is visible.</doc>
<status status="PASS" starttime="20221010 19:54:18.065" endtime="20221010 19:54:18.213"/>
</kw>
<kw name="Element Should Be Visible" library="AppiumLibrary">
<arg>id=com.sentrics.engage360:id/title</arg>
<arg>Choose a Genre</arg>
<doc>Verifies that element identified with locator is visible.</doc>
<status status="PASS" starttime="20221010 19:54:18.213" endtime="20221010 19:54:18.317"/>
</kw>
<kw name="Press Keycode" library="AppiumLibrary">
<arg>22</arg>
<doc>Sends a press of keycode to the device.</doc>
<status status="PASS" starttime="20221010 19:54:18.317" endtime="20221010 19:54:18.419"/>
</kw>
<kw name="Press Keycode" library="AppiumLibrary">
<arg>20</arg>
<doc>Sends a press of keycode to the device.</doc>
<status status="PASS" starttime="20221010 19:54:18.419" endtime="20221010 19:54:19.105"/>
</kw>
<kw name="Press Keycode" library="AppiumLibrary">
<arg>20</arg>
<doc>Sends a press of keycode to the device.</doc>
<status status="PASS" starttime="20221010 19:54:19.106" endtime="20221010 19:54:19.797"/>
</kw>
<kw name="Press Keycode" library="AppiumLibrary">
<arg>20</arg>
<doc>Sends a press of keycode to the device.</doc>
<status status="PASS" starttime="20221010 19:54:19.798" endtime="20221010 19:54:20.484"/>
</kw>
<kw name="Wait Until Element Is Visible" library="AppiumLibrary">
<arg>id=com.sentrics.engage360:id/name</arg>
<doc>Waits until element specified with `locator` is visible.</doc>
<status status="PASS" starttime="20221010 19:54:20.485" endtime="20221010 19:54:21.182"/>
</kw>
<kw name="Element Should Be Visible" library="AppiumLibrary">
<arg>id=com.sentrics.engage360:id/name</arg>
<arg>Spiritual</arg>
<doc>Verifies that element identified with locator is visible.</doc>
<status status="PASS" starttime="20221010 19:54:21.182" endtime="20221010 19:54:21.331"/>
</kw>
<kw name="Press Keycode" library="AppiumLibrary">
<arg>23</arg>
<doc>Sends a press of keycode to the device.</doc>
<status status="PASS" starttime="20221010 19:54:21.331" endtime="20221010 19:54:21.405"/>
</kw>
<kw name="Wait Until Element Is Visible" library="AppiumLibrary">
<arg>id=com.sentrics.engage360:id/title</arg>
<doc>Waits until element specified with `locator` is visible.</doc>
<status status="PASS" starttime="20221010 19:54:21.405" endtime="20221010 19:54:22.200"/>
</kw>
<kw name="Element Should Be Visible" library="AppiumLibrary">
<arg>id=com.sentrics.engage360:id/title</arg>
<arg>Choose a Style</arg>
<doc>Verifies that element identified with locator is visible.</doc>
<status status="PASS" starttime="20221010 19:54:22.201" endtime="20221010 19:54:22.427"/>
</kw>
<kw name="Press Keycode" library="AppiumLibrary">
<arg>4</arg>
<doc>Sends a press of keycode to the device.</doc>
<status status="PASS" starttime="20221010 19:54:22.428" endtime="20221010 19:54:22.489"/>
</kw>
<kw name="Wait Until Element Is Visible" library="AppiumLibrary">
<arg>id=com.sentrics.engage360:id/title</arg>
<doc>Waits until element specified with `locator` is visible.</doc>
<status status="PASS" starttime="20221010 19:54:22.489" endtime="20221010 19:54:23.215"/>
</kw>
<kw name="Element Should Be Visible" library="AppiumLibrary">
<arg>id=com.sentrics.engage360:id/title</arg>
<arg>Choose a Genre</arg>
<doc>Verifies that element identified with locator is visible.</doc>
<status status="PASS" starttime="20221010 19:54:23.215" endtime="20221010 19:54:23.380"/>
</kw>
<kw name="Wait Until Element Is Visible" library="AppiumLibrary">
<arg>id=com.sentrics.engage360:id/title</arg>
<doc>Waits until element specified with `locator` is visible.</doc>
<status status="PASS" starttime="20221010 19:54:23.381" endtime="20221010 19:54:23.520"/>
</kw>
<kw name="Element Should Be Visible" library="AppiumLibrary">
<arg>id=com.sentrics.engage360:id/title</arg>
<arg>Choose a Genre</arg>
<doc>Verifies that element identified with locator is visible.</doc>
<status status="PASS" starttime="20221010 19:54:23.521" endtime="20221010 19:54:23.637"/>
</kw>
<kw name="Press Keycode" library="AppiumLibrary">
<arg>22</arg>
<doc>Sends a press of keycode to the device.</doc>
<status status="PASS" starttime="20221010 19:54:23.637" endtime="20221010 19:54:23.750"/>
</kw>
<kw name="Press Keycode" library="AppiumLibrary">
<arg>22</arg>
<doc>Sends a press of keycode to the device.</doc>
<status status="PASS" starttime="20221010 19:54:23.751" endtime="20221010 19:54:24.422"/>
</kw>
<kw name="Wait Until Element Is Visible" library="AppiumLibrary">
<arg>id=com.sentrics.engage360:id/name</arg>
<doc>Waits until element specified with `locator` is visible.</doc>
<status status="PASS" starttime="20221010 19:54:24.423" endtime="20221010 19:54:25.111"/>
</kw>
<kw name="Element Should Be Visible" library="AppiumLibrary">
<arg>id=com.sentrics.engage360:id/name</arg>
<arg>Holiday</arg>
<doc>Verifies that element identified with locator is visible.</doc>
<status status="PASS" starttime="20221010 19:54:25.111" endtime="20221010 19:54:25.296"/>
</kw>
<kw name="Press Keycode" library="AppiumLibrary">
<arg>23</arg>
<doc>Sends a press of keycode to the device.</doc>
<status status="PASS" starttime="20221010 19:54:25.296" endtime="20221010 19:54:25.381"/>
</kw>
<kw name="Wait Until Element Is Visible" library="AppiumLibrary">
<arg>id=com.sentrics.engage360:id/title</arg>
<doc>Waits until element specified with `locator` is visible.</doc>
<status status="PASS" starttime="20221010 19:54:25.381" endtime="20221010 19:54:26.112"/>
</kw>
<kw name="Element Should Be Visible" library="AppiumLibrary">
<arg>id=com.sentrics.engage360:id/title</arg>
<arg>Choose a Style</arg>
<doc>Verifies that element identified with locator is visible.</doc>
<status status="PASS" starttime="20221010 19:54:26.113" endtime="20221010 19:54:26.315"/>
</kw>
<kw name="Press Keycode" library="AppiumLibrary">
<arg>4</arg>
<doc>Sends a press of keycode to the device.</doc>
<status status="PASS" starttime="20221010 19:54:26.316" endtime="20221010 19:54:26.413"/>
</kw>
<kw name="Wait Until Element Is Visible" library="AppiumLibrary">
<arg>id=com.sentrics.engage360:id/title</arg>
<doc>Waits until element specified with `locator` is visible.</doc>
<status status="PASS" starttime="20221010 19:54:26.413" endtime="20221010 19:54:27.170"/>
</kw>
<kw name="Element Should Be Visible" library="AppiumLibrary">
<arg>id=com.sentrics.engage360:id/title</arg>
<arg>Choose a Genre</arg>
<doc>Verifies that element identified with locator is visible.</doc>
<status status="PASS" starttime="20221010 19:54:27.173" endtime="20221010 19:54:27.338"/>
</kw>
<kw name="Wait Until Element Is Visible" library="AppiumLibrary">
<arg>id=com.sentrics.engage360:id/title</arg>
<doc>Waits until element specified with `locator` is visible.</doc>
<status status="PASS" starttime="20221010 19:54:27.338" endtime="20221010 19:54:27.490"/>
</kw>
<kw name="Element Should Be Visible" library="AppiumLibrary">
<arg>id=com.sentrics.engage360:id/title</arg>
<arg>Choose a Genre</arg>
<doc>Verifies that element identified with locator is visible.</doc>
<status status="PASS" starttime="20221010 19:54:27.491" endtime="20221010 19:54:27.631"/>
</kw>
<kw name="Press Keycode" library="AppiumLibrary">
<arg>22</arg>
<doc>Sends a press of keycode to the device.</doc>
<status status="PASS" starttime="20221010 19:54:27.631" endtime="20221010 19:54:27.751"/>
</kw>
<kw name="Press Keycode" library="AppiumLibrary">
<arg>22</arg>
<doc>Sends a press of keycode to the device.</doc>
<status status="PASS" starttime="20221010 19:54:27.751" endtime="20221010 19:54:28.453"/>
</kw>
<kw name="Press Keycode" library="AppiumLibrary">
<arg>20</arg>
<doc>Sends a press of keycode to the device.</doc>
<status status="PASS" starttime="20221010 19:54:28.454" endtime="20221010 19:54:29.144"/>
</kw>
<kw name="Wait Until Element Is Visible" library="AppiumLibrary">
<arg>id=com.sentrics.engage360:id/name</arg>
<doc>Waits until element specified with `locator` is visible.</doc>
<status status="PASS" starttime="20221010 19:54:29.145" endtime="20221010 19:54:29.855"/>
</kw>
<kw name="Element Should Be Visible" library="AppiumLibrary">
<arg>id=com.sentrics.engage360:id/name</arg>
<arg>Latin</arg>
<doc>Verifies that element identified with locator is visible.</doc>
<status status="PASS" starttime="20221010 19:54:29.856" endtime="20221010 19:54:30.038"/>
</kw>
<kw name="Press Keycode" library="AppiumLibrary">
<arg>23</arg>
<doc>Sends a press of keycode to the device.</doc>
<status status="PASS" starttime="20221010 19:54:30.038" endtime="20221010 19:54:30.140"/>
</kw>
<kw name="Wait Until Element Is Visible" library="AppiumLibrary">
<arg>id=com.sentrics.engage360:id/title</arg>
<doc>Waits until element specified with `locator` is visible.</doc>
<status status="PASS" starttime="20221010 19:54:30.140" endtime="20221010 19:54:30.913"/>
</kw>
<kw name="Element Should Be Visible" library="AppiumLibrary">
<arg>id=com.sentrics.engage360:id/title</arg>
<arg>Choose a Style</arg>
<doc>Verifies that element identified with locator is visible.</doc>
<status status="PASS" starttime="20221010 19:54:30.914" endtime="20221010 19:54:31.072"/>
</kw>
<kw name="Press Keycode" library="AppiumLibrary">
<arg>4</arg>
<doc>Sends a press of keycode to the device.</doc>
<status status="PASS" starttime="20221010 19:54:31.072" endtime="20221010 19:54:31.182"/>
</kw>
<kw name="Wait Until Element Is Visible" library="AppiumLibrary">
<arg>id=com.sentrics.engage360:id/title</arg>
<doc>Waits until element specified with `locator` is visible.</doc>
<status status="PASS" starttime="20221010 19:54:31.183" endtime="20221010 19:54:31.885"/>
</kw>
<kw name="Element Should Be Visible" library="AppiumLibrary">
<arg>id=com.sentrics.engage360:id/title</arg>
<arg>Choose a Genre</arg>
<doc>Verifies that element identified with locator is visible.</doc>
<status status="PASS" starttime="20221010 19:54:31.886" endtime="20221010 19:54:32.023"/>
</kw>
<kw name="Wait Until Element Is Visible" library="AppiumLibrary">
<arg>id=com.sentrics.engage360:id/title</arg>
<doc>Waits until element specified with `locator` is visible.</doc>
<status status="PASS" starttime="20221010 19:54:32.024" endtime="20221010 19:54:32.172"/>
</kw>
<kw name="Element Should Be Visible" library="AppiumLibrary">
<arg>id=com.sentrics.engage360:id/title</arg>
<arg>Choose a Genre</arg>
<doc>Verifies that element identified with locator is visible.</doc>
<status status="PASS" starttime="20221010 19:54:32.172" endtime="20221010 19:54:32.328"/>
</kw>
<kw name="Press Keycode" library="AppiumLibrary">
<arg>22</arg>
<doc>Sends a press of keycode to the device.</doc>
<status status="PASS" starttime="20221010 19:54:32.328" endtime="20221010 19:54:32.458"/>
</kw>
<kw name="Press Keycode" library="AppiumLibrary">
<arg>22</arg>
<doc>Sends a press of keycode to the device.</doc>
<status status="PASS" starttime="20221010 19:54:32.458" endtime="20221010 19:54:33.112"/>
</kw>
<kw name="Press Keycode" library="AppiumLibrary">
<arg>20</arg>
<doc>Sends a press of keycode to the device.</doc>
<status status="PASS" starttime="20221010 19:54:33.112" endtime="20221010 19:54:33.803"/>
</kw>
<kw name="Press Keycode" library="AppiumLibrary">
<arg>20</arg>
<doc>Sends a press of keycode to the device.</doc>
<status status="PASS" starttime="20221010 19:54:33.803" endtime="20221010 19:54:34.471"/>
</kw>
<kw name="Wait Until Element Is Visible" library="AppiumLibrary">
<arg>id=com.sentrics.engage360:id/name</arg>
<doc>Waits until element specified with `locator` is visible.</doc>
<status status="PASS" starttime="20221010 19:54:34.471" endtime="20221010 19:54:35.151"/>
</kw>
<kw name="Element Should Be Visible" library="AppiumLibrary">
<arg>id=com.sentrics.engage360:id/name</arg>
<arg>Rock</arg>
<doc>Verifies that element identified with locator is visible.</doc>
<status status="PASS" starttime="20221010 19:54:35.152" endtime="20221010 19:54:35.309"/>
</kw>
<kw name="Press Keycode" library="AppiumLibrary">
<arg>23</arg>
<doc>Sends a press of keycode to the device.</doc>
<status status="PASS" starttime="20221010 19:54:35.310" endtime="20221010 19:54:35.390"/>
</kw>
<kw name="Wait Until Element Is Visible" library="AppiumLibrary">
<arg>id=com.sentrics.engage360:id/title</arg>
<doc>Waits until element specified with `locator` is visible.</doc>
<status status="PASS" starttime="20221010 19:54:35.390" endtime="20221010 19:54:36.147"/>
</kw>
<kw name="Element Should Be Visible" library="AppiumLibrary">
<arg>id=com.sentrics.engage360:id/title</arg>
<arg>Choose a Style</arg>
<doc>Verifies that element identified with locator is visible.</doc>
<status status="PASS" starttime="20221010 19:54:36.147" endtime="20221010 19:54:36.325"/>
</kw>
<kw name="Press Keycode" library="AppiumLibrary">
<arg>4</arg>
<doc>Sends a press of keycode to the device.</doc>
<status status="PASS" starttime="20221010 19:54:36.325" endtime="20221010 19:54:36.425"/>
</kw>
<kw name="Wait Until Element Is Visible" library="AppiumLibrary">
<arg>id=com.sentrics.engage360:id/title</arg>
<doc>Waits until element specified with `locator` is visible.</doc>
<status status="PASS" starttime="20221010 19:54:36.426" endtime="20221010 19:54:37.133"/>
</kw>
<kw name="Element Should Be Visible" library="AppiumLibrary">
<arg>id=com.sentrics.engage360:id/title</arg>
<arg>Choose a Genre</arg>
<doc>Verifies that element identified with locator is visible.</doc>
<status status="PASS" starttime="20221010 19:54:37.134" endtime="20221010 19:54:37.306"/>
</kw>
<kw name="Wait Until Element Is Visible" library="AppiumLibrary">
<arg>id=com.sentrics.engage360:id/title</arg>
<doc>Waits until element specified with `locator` is visible.</doc>
<status status="PASS" starttime="20221010 19:54:37.308" endtime="20221010 19:54:37.448"/>
</kw>
<kw name="Element Should Be Visible" library="AppiumLibrary">
<arg>id=com.sentrics.engage360:id/title</arg>
<arg>Choose a Genre</arg>
<doc>Verifies that element identified with locator is visible.</doc>
<status status="PASS" starttime="20221010 19:54:37.448" endtime="20221010 19:54:37.597"/>
</kw>
<kw name="Press Keycode" library="AppiumLibrary">
<arg>22</arg>
<doc>Sends a press of keycode to the device.</doc>
<status status="PASS" starttime="20221010 19:54:37.597" endtime="20221010 19:54:37.725"/>
</kw>
<kw name="Press Keycode" library="AppiumLibrary">
<arg>22</arg>
<doc>Sends a press of keycode to the device.</doc>
<status status="PASS" starttime="20221010 19:54:37.725" endtime="20221010 19:54:38.427"/>
</kw>
<kw name="Press Keycode" library="AppiumLibrary">
<arg>20</arg>
<doc>Sends a press of keycode to the device.</doc>
<status status="PASS" starttime="20221010 19:54:38.427" endtime="20221010 19:54:39.110"/>
</kw>
<kw name="Press Keycode" library="AppiumLibrary">
<arg>20</arg>
<doc>Sends a press of keycode to the device.</doc>
<status status="PASS" starttime="20221010 19:54:39.111" endtime="20221010 19:54:39.772"/>
</kw>
<kw name="Press Keycode" library="AppiumLibrary">
<arg>20</arg>
<doc>Sends a press of keycode to the device.</doc>
<status status="PASS" starttime="20221010 19:54:39.772" endtime="20221010 19:54:40.414"/>
</kw>
<kw name="Wait Until Element Is Visible" library="AppiumLibrary">
<arg>id=com.sentrics.engage360:id/name</arg>
<doc>Waits until element specified with `locator` is visible.</doc>
<status status="PASS" starttime="20221010 19:54:40.415" endtime="20221010 19:54:41.108"/>
</kw>
<kw name="Element Should Be Visible" library="AppiumLibrary">
<arg>id=com.sentrics.engage360:id/name</arg>
<arg>Urban</arg>
<doc>Verifies that element identified with locator is visible.</doc>
<status status="PASS" starttime="20221010 19:54:41.108" endtime="20221010 19:54:41.265"/>
</kw>
<kw name="Press Keycode" library="AppiumLibrary">
<arg>23</arg>
<doc>Sends a press of keycode to the device.</doc>
<status status="PASS" starttime="20221010 19:54:41.266" endtime="20221010 19:54:41.354"/>
</kw>
<kw name="Wait Until Element Is Visible" library="AppiumLibrary">
<arg>id=com.sentrics.engage360:id/title</arg>
<doc>Waits until element specified with `locator` is visible.</doc>
<status status="PASS" starttime="20221010 19:54:41.354" endtime="20221010 19:54:42.119"/>
</kw>
<kw name="Element Should Be Visible" library="AppiumLibrary">
<arg>id=com.sentrics.engage360:id/title</arg>
<arg>Choose a Style</arg>
<doc>Verifies that element identified with locator is visible.</doc>
<status status="PASS" starttime="20221010 19:54:42.121" endtime="20221010 19:54:42.276"/>
</kw>
<kw name="Press Keycode" library="AppiumLibrary">
<arg>4</arg>
<doc>Sends a press of keycode to the device.</doc>
<status status="PASS" starttime="20221010 19:54:42.276" endtime="20221010 19:54:42.343"/>
</kw>
<kw name="Wait Until Element Is Visible" library="AppiumLibrary">
<arg>id=com.sentrics.engage360:id/title</arg>
<doc>Waits until element specified with `locator` is visible.</doc>
<status status="PASS" starttime="20221010 19:54:42.344" endtime="20221010 19:54:43.067"/>
</kw>
<kw name="Element Should Be Visible" library="AppiumLibrary">
<arg>id=com.sentrics.engage360:id/title</arg>
<arg>Choose a Genre</arg>
<doc>Verifies that element identified with locator is visible.</doc>
<status status="PASS" starttime="20221010 19:54:43.068" endtime="20221010 19:54:43.262"/>
</kw>
<kw name="Press Keycode" library="AppiumLibrary">
<arg>4</arg>
<doc>Sends a press of keycode to the device.</doc>
<status status="PASS" starttime="20221010 19:54:43.264" endtime="20221010 19:54:43.362"/>
</kw>
<kw name="Wait Until Element Is Visible" library="AppiumLibrary">
<arg>id=com.sentrics.engage360:id/title</arg>
<doc>Waits until element specified with `locator` is visible.</doc>
<status status="PASS" starttime="20221010 19:54:43.362" endtime="20221010 19:54:44.082"/>
</kw>
<kw name="Element Should Be Visible" library="AppiumLibrary">
<arg>id=com.sentrics.engage360:id/title</arg>
<arg>Choose a Purpose</arg>
<doc>Verifies that element identified with locator is visible.</doc>
<status status="PASS" starttime="20221010 19:54:44.083" endtime="20221010 19:54:44.288"/>
</kw>
<kw name="Wait Until Element Is Visible" library="AppiumLibrary">
<arg>id=com.sentrics.engage360:id/name</arg>
<doc>Waits until element specified with `locator` is visible.</doc>
<status status="PASS" starttime="20221010 19:54:44.288" endtime="20221010 19:54:44.450"/>
</kw>
<kw name="Element Should Be Visible" library="AppiumLibrary">
<arg>id=com.sentrics.engage360:id/name</arg>
<arg>Wake</arg>
<doc>Verifies that element identified with locator is visible.</doc>
<status status="PASS" starttime="20221010 19:54:44.450" endtime="20221010 19:54:44.582"/>
</kw>
<kw name="Press Keycode" library="AppiumLibrary">
<arg>20</arg>
<doc>Sends a press of keycode to the device.</doc>
<status status="PASS" starttime="20221010 19:54:44.582" endtime="20221010 19:54:44.709"/>
</kw>
<kw name="Wait Until Element Is Visible" library="AppiumLibrary">
<arg>id=com.sentrics.engage360:id/name</arg>
<doc>Waits until element specified with `locator` is visible.</doc>
<status status="PASS" starttime="20221010 19:54:44.709" endtime="20221010 19:54:45.401"/>
</kw>
<kw name="Element Should Be Visible" library="AppiumLibrary">
<arg>id=com.sentrics.engage360:id/name</arg>
<arg>Energy</arg>
<doc>Verifies that element identified with locator is visible.</doc>
<status status="PASS" starttime="20221010 19:54:45.402" endtime="20221010 19:54:45.534"/>
</kw>
<kw name="Press Keycode" library="AppiumLibrary">
<arg>20</arg>
[...]
<arg>4</arg>
<doc>Sends a press of keycode to the device.</doc>
<status status="PASS" starttime="20221010 19:55:37.090" endtime="20221010 19:55:37.166"/>
</kw>
<kw name="Wait Until Element Is Visible" library="AppiumLibrary">
<arg>id=com.sentrics.engage360:id/title</arg>
<doc>Waits until element specified with `locator` is visible.</doc>
<status status="PASS" starttime="20221010 19:55:37.167" endtime="20221010 19:55:37.890"/>
</kw>
<kw name="Element Should Be Visible" library="AppiumLibrary">
<arg>id=com.sentrics.engage360:id/title</arg>
<arg>Choose a Genre</arg>
<doc>Verifies that element identified with locator is visible.</doc>
<status status="PASS" starttime="20221010 19:55:37.892" endtime="20221010 19:55:38.025"/>
</kw>
<kw name="Press Keycode" library="AppiumLibrary">
<arg>20</arg>
<doc>Sends a press of keycode to the device.</doc>
<status status="PASS" starttime="20221010 19:55:38.025" endtime="20221010 19:55:38.193"/>
</kw>
<kw name="Press Keycode" library="AppiumLibrary">
<arg>20</arg>
<doc>Sends a press of keycode to the device.</doc>
<status status="PASS" starttime="20221010 19:55:38.194" endtime="20221010 19:55:38.870"/>
</kw>
<kw name="Press Keycode" library="AppiumLibrary">
<arg>20</arg>
<doc>Sends a press of keycode to the device.</doc>
<status status="PASS" starttime="20221010 19:55:38.871" endtime="20221010 19:55:39.527"/>
</kw>
<kw name="Wait Until Element Is Visible" library="AppiumLibrary">
<arg>id=com.sentrics.engage360:id/name</arg>
<doc>Waits until element specified with `locator` is visible.</doc>
<status status="PASS" starttime="20221010 19:55:39.528" endtime="20221010 19:55:40.224"/>
</kw>
<kw name="Element Should Be Visible" library="AppiumLibrary">
<arg>id=com.sentrics.engage360:id/name</arg>
<arg>Urban</arg>
<doc>Verifies that element identified with locator is visible.</doc>
<status status="PASS" starttime="20221010 19:55:40.224" endtime="20221010 19:55:40.381"/>
</kw>
<kw name="Press Keycode" library="AppiumLibrary">
<arg>23</arg>
<doc>Sends a press of keycode to the device.</doc>
<status status="PASS" starttime="20221010 19:55:40.382" endtime="20221010 19:55:40.468"/>
</kw>
<kw name="Wait Until Element Is Visible" library="AppiumLibrary">
<arg>id=com.sentrics.engage360:id/title</arg>
<doc>Waits until element specified with `locator` is visible.</doc>
<status status="PASS" starttime="20221010 19:55:40.469" endtime="20221010 19:55:41.215"/>
</kw>
<kw name="Element Should Be Visible" library="AppiumLibrary">
<arg>id=com.sentrics.engage360:id/title</arg>
<arg>Choose a Style</arg>
<doc>Verifies that element identified with locator is visible.</doc>
<status status="PASS" starttime="20221010 19:55:41.217" endtime="20221010 19:55:41.405"/>
</kw>
<kw name="Press Keycode" library="AppiumLibrary">
<arg>4</arg>
<doc>Sends a press of keycode to the device.</doc>
<status status="PASS" starttime="20221010 19:55:41.406" endtime="20221010 19:55:41.494"/>
</kw>
<kw name="Wait Until Element Is Visible" library="AppiumLibrary">
<arg>id=com.sentrics.engage360:id/title</arg>
<doc>Waits until element specified with `locator` is visible.</doc>
<status status="PASS" starttime="20221010 19:55:41.495" endtime="20221010 19:55:42.229"/>
</kw>
<kw name="Element Should Be Visible" library="AppiumLibrary">
<arg>id=com.sentrics.engage360:id/title</arg>
<arg>Choose a Genre</arg>
<doc>Verifies that element identified with locator is visible.</doc>
<status status="PASS" starttime="20221010 19:55:42.230" endtime="20221010 19:55:42.408"/>
</kw>
<kw name="Press Keycode" library="AppiumLibrary">
<arg>22</arg>
<doc>Sends a press of keycode to the device.</doc>
<status status="PASS" starttime="20221010 19:55:42.408" endtime="20221010 19:55:42.538"/>
</kw>
<kw name="Wait Until Element Is Visible" library="AppiumLibrary">
<arg>id=com.sentrics.engage360:id/name</arg>
<doc>Waits until element specified with `locator` is visible.</doc>
<status status="PASS" starttime="20221010 19:55:42.539" endtime="20221010 19:55:43.266"/>
</kw>
<kw name="Element Should Be Visible" library="AppiumLibrary">
<arg>id=com.sentrics.engage360:id/name</arg>
<arg>Country</arg>
<doc>Verifies that element identified with locator is visible.</doc>
<status status="PASS" starttime="20221010 19:55:43.266" endtime="20221010 19:55:43.420"/>
</kw>
<kw name="Press Keycode" library="AppiumLibrary">
<arg>23</arg>
<doc>Sends a press of keycode to the device.</doc>
<status status="PASS" starttime="20221010 19:55:43.422" endtime="20221010 19:55:43.494"/>
</kw>
<kw name="Wait Until Element Is Visible" library="AppiumLibrary">
<arg>id=com.sentrics.engage360:id/title</arg>
<doc>Waits until element specified with `locator` is visible.</doc>
<status status="PASS" starttime="20221010 19:55:43.495" endtime="20221010 19:55:44.244"/>
</kw>
<kw name="Element Should Be Visible" library="AppiumLibrary">
<arg>id=com.sentrics.engage360:id/title</arg>
<arg>Choose a Style</arg>
<doc>Verifies that element identified with locator is visible.</doc>
<status status="PASS" starttime="20221010 19:55:44.244" endtime="20221010 19:55:44.407"/>
</kw>
<kw name="Press Keycode" library="AppiumLibrary">
<arg>4</arg>
<doc>Sends a press of keycode to the device.</doc>
<status status="PASS" starttime="20221010 19:55:44.407" endtime="20221010 19:55:44.496"/>
</kw>
<kw name="Wait Until Element Is Visible" library="AppiumLibrary">
<arg>id=com.sentrics.engage360:id/title</arg>
<doc>Waits until element specified with `locator` is visible.</doc>
<status status="PASS" starttime="20221010 19:55:44.497" endtime="20221010 19:55:45.217"/>
</kw>
<kw name="Element Should Be Visible" library="AppiumLibrary">
<arg>id=com.sentrics.engage360:id/title</arg>
<arg>Choose a Genre</arg>
<doc>Verifies that element identified with locator is visible.</doc>
<status status="PASS" starttime="20221010 19:55:45.218" endtime="20221010 19:55:45.391"/>
</kw>
<kw name="Press Keycode" library="AppiumLibrary">
<arg>22</arg>
<doc>Sends a press of keycode to the device.</doc>
<status status="PASS" starttime="20221010 19:55:45.392" endtime="20221010 19:55:45.540"/>
</kw>
<kw name="Press Keycode" library="AppiumLibrary">
<arg>20</arg>
<doc>Sends a press of keycode to the device.</doc>
<status status="PASS" starttime="20221010 19:55:45.540" endtime="20221010 19:55:46.226"/>
</kw>
<kw name="Wait Until Element Is Visible" library="AppiumLibrary">
<arg>id=com.sentrics.engage360:id/name</arg>
<doc>Waits until element specified with `locator` is visible.</doc>
<status status="PASS" starttime="20221010 19:55:46.227" endtime="20221010 19:55:46.930"/>
</kw>
<kw name="Element Should Be Visible" library="AppiumLibrary">
<arg>id=com.sentrics.engage360:id/name</arg>
<arg>Latin</arg>
<doc>Verifies that element identified with locator is visible.</doc>
<status status="PASS" starttime="20221010 19:55:46.931" endtime="20221010 19:55:47.091"/>
</kw>
<kw name="Press Keycode" library="AppiumLibrary">
<arg>23</arg>
<doc>Sends a press of keycode to the device.</doc>
<status status="PASS" starttime="20221010 19:55:47.091" endtime="20221010 19:55:47.165"/>
</kw>
<kw name="Wait Until Element Is Visible" library="AppiumLibrary">
<arg>id=com.sentrics.engage360:id/title</arg>
<doc>Waits until element specified with `locator` is visible.</doc>
<status status="PASS" starttime="20221010 19:55:47.165" endtime="20221010 19:55:47.919"/>
</kw>
<kw name="Element Should Be Visible" library="AppiumLibrary">
<arg>id=com.sentrics.engage360:id/title</arg>
<arg>Choose a Style</arg>
<doc>Verifies that element identified with locator is visible.</doc>
<status status="PASS" starttime="20221010 19:55:47.919" endtime="20221010 19:55:48.091"/>
</kw>
<kw name="Press Keycode" library="AppiumLibrary">
<arg>4</arg>
<doc>Sends a press of keycode to the device.</doc>
<status status="PASS" starttime="20221010 19:55:48.091" endtime="20221010 19:55:48.179"/>
</kw>
<kw name="Wait Until Element Is Visible" library="AppiumLibrary">
<arg>id=com.sentrics.engage360:id/title</arg>
<doc>Waits until element specified with `locator` is visible.</doc>
<status status="PASS" starttime="20221010 19:55:48.179" endtime="20221010 19:55:48.929"/>
</kw>
<kw name="Element Should Be Visible" library="AppiumLibrary">
<arg>id=com.sentrics.engage360:id/title</arg>
<arg>Choose a Genre</arg>
<doc>Verifies that element identified with locator is visible.</doc>
<status status="PASS" starttime="20221010 19:55:48.929" endtime="20221010 19:55:49.111"/>
</kw>
<kw name="Press Keycode" library="AppiumLibrary">
<arg>22</arg>
<doc>Sends a press of keycode to the device.</doc>
<status status="PASS" starttime="20221010 19:55:49.111" endtime="20221010 19:55:49.273"/>
</kw>
<kw name="Press Keycode" library="AppiumLibrary">
<arg>20</arg>
<doc>Sends a press of keycode to the device.</doc>
<status status="PASS" starttime="20221010 19:55:49.274" endtime="20221010 19:55:49.966"/>
</kw>
<kw name="Press Keycode" library="AppiumLibrary">
<arg>20</arg>
<doc>Sends a press of keycode to the device.</doc>
<status status="PASS" starttime="20221010 19:55:49.966" endtime="20221010 19:55:50.641"/>
</kw>
<kw name="Wait Until Element Is Visible" library="AppiumLibrary">
<arg>id=com.sentrics.engage360:id/name</arg>
<doc>Waits until element specified with `locator` is visible.</doc>
<status status="PASS" starttime="20221010 19:55:50.642" endtime="20221010 19:55:51.319"/>
</kw>
<kw name="Element Should Be Visible" library="AppiumLibrary">
<arg>id=com.sentrics.engage360:id/name</arg>
<arg>Rock</arg>
<doc>Verifies that element identified with locator is visible.</doc>
<status status="PASS" starttime="20221010 19:55:51.320" endtime="20221010 19:55:51.498"/>
</kw>
<kw name="Press Keycode" library="AppiumLibrary">
<arg>23</arg>
<doc>Sends a press of keycode to the device.</doc>
<status status="PASS" starttime="20221010 19:55:51.499" endtime="20221010 19:55:51.588"/>
</kw>
<kw name="Wait Until Element Is Visible" library="AppiumLibrary">
<arg>id=com.sentrics.engage360:id/title</arg>
<doc>Waits until element specified with `locator` is visible.</doc>
<status status="PASS" starttime="20221010 19:55:51.588" endtime="20221010 19:55:52.348"/>
</kw>
<kw name="Element Should Be Visible" library="AppiumLibrary">
<arg>id=com.sentrics.engage360:id/title</arg>
<arg>Choose a Style</arg>
<doc>Verifies that element identified with locator is visible.</doc>
<status status="PASS" starttime="20221010 19:55:52.349" endtime="20221010 19:55:52.491"/>
</kw>
<kw name="Press Keycode" library="AppiumLibrary">
<arg>4</arg>
<doc>Sends a press of keycode to the device.</doc>
<status status="PASS" starttime="20221010 19:55:52.491" endtime="20221010 19:55:52.560"/>
</kw>
<kw name="Wait Until Element Is Visible" library="AppiumLibrary">
<arg>id=com.sentrics.engage360:id/title</arg>
<doc>Waits until element specified with `locator` is visible.</doc>
<status status="PASS" starttime="20221010 19:55:52.560" endtime="20221010 19:55:53.303"/>
</kw>
<kw name="Element Should Be Visible" library="AppiumLibrary">
<arg>id=com.sentrics.engage360:id/title</arg>
<arg>Choose a Genre</arg>
<doc>Verifies that element identified with locator is visible.</doc>
<status status="PASS" starttime="20221010 19:55:53.304" endtime="20221010 19:55:53.472"/>
</kw>
<kw name="Press Keycode" library="AppiumLibrary">
<arg>22</arg>
<doc>Sends a press of keycode to the device.</doc>
<status status="PASS" starttime="20221010 19:55:53.472" endtime="20221010 19:55:53.616"/>
</kw>
<kw name="Press Keycode" library="AppiumLibrary">
<arg>22</arg>
<doc>Sends a press of keycode to the device.</doc>
<status status="PASS" starttime="20221010 19:55:53.616" endtime="20221010 19:55:54.284"/>
</kw>
<kw name="Wait Until Element Is Visible" library="AppiumLibrary">
<arg>id=com.sentrics.engage360:id/name</arg>
<doc>Waits until element specified with `locator` is visible.</doc>
<status status="PASS" starttime="20221010 19:55:54.284" endtime="20221010 19:55:54.973"/>
</kw>
<kw name="Element Should Be Visible" library="AppiumLibrary">
<arg>id=com.sentrics.engage360:id/name</arg>
<arg>Instrumental</arg>
<doc>Verifies that element identified with locator is visible.</doc>
<status status="PASS" starttime="20221010 19:55:54.973" endtime="20221010 19:55:55.080"/>
</kw>
<kw name="Press Keycode" library="AppiumLibrary">
<arg>23</arg>
<doc>Sends a press of keycode to the device.</doc>
<status status="PASS" starttime="20221010 19:55:55.080" endtime="20221010 19:55:55.154"/>
</kw>
<kw name="Wait Until Element Is Visible" library="AppiumLibrary">
<arg>id=com.sentrics.engage360:id/title</arg>
<doc>Waits until element specified with `locator` is visible.</doc>
<status status="PASS" starttime="20221010 19:55:55.154" endtime="20221010 19:55:55.931"/>
</kw>
<kw name="Element Should Be Visible" library="AppiumLibrary">
<arg>id=com.sentrics.engage360:id/title</arg>
<arg>Choose a Style</arg>
<doc>Verifies that element identified with locator is visible.</doc>
<status status="PASS" starttime="20221010 19:55:55.933" endtime="20221010 19:55:56.090"/>
</kw>
<kw name="Press Keycode" library="AppiumLibrary">
<arg>4</arg>
<doc>Sends a press of keycode to the device.</doc>
<status status="PASS" starttime="20221010 19:55:56.090" endtime="20221010 19:55:56.181"/>
</kw>
<kw name="Wait Until Element Is Visible" library="AppiumLibrary">
<arg>id=com.sentrics.engage360:id/title</arg>
<doc>Waits until element specified with `locator` is visible.</doc>
<status status="PASS" starttime="20221010 19:55:56.181" endtime="20221010 19:55:56.935"/>
</kw>
<kw name="Element Should Be Visible" library="AppiumLibrary">
<arg>id=com.sentrics.engage360:id/title</arg>
<arg>Choose a Genre</arg>
<doc>Verifies that element identified with locator is visible.</doc>
<status status="PASS" starttime="20221010 19:55:56.937" endtime="20221010 19:55:57.120"/>
</kw>
<kw name="Press Keycode" library="AppiumLibrary">
<arg>22</arg>
<doc>Sends a press of keycode to the device.</doc>
<status status="PASS" starttime="20221010 19:55:57.120" endtime="20221010 19:55:57.262"/>
</kw>
<kw name="Press Keycode" library="AppiumLibrary">
<arg>22</arg>
<doc>Sends a press of keycode to the device.</doc>
<status status="PASS" starttime="20221010 19:55:57.262" endtime="20221010 19:55:57.930"/>
</kw>
<kw name="Press Keycode" library="AppiumLibrary">
<arg>20</arg>
<doc>Sends a press of keycode to the device.</doc>
<status status="PASS" starttime="20221010 19:55:57.931" endtime="20221010 19:55:58.602"/>
</kw>
<kw name="Wait Until Element Is Visible" library="AppiumLibrary">
<arg>id=com.sentrics.engage360:id/name</arg>
<doc>Waits until element specified with `locator` is visible.</doc>
<status status="PASS" starttime="20221010 19:55:58.602" endtime="20221010 19:55:59.283"/>
</kw>
<kw name="Element Should Be Visible" library="AppiumLibrary">
<arg>id=com.sentrics.engage360:id/name</arg>
<arg>Oldies</arg>
<doc>Verifies that element identified with locator is visible.</doc>
<status status="PASS" starttime="20221010 19:55:59.283" endtime="20221010 19:55:59.435"/>
</kw>
<kw name="Press Keycode" library="AppiumLibrary">
<arg>23</arg>
<doc>Sends a press of keycode to the device.</doc>
<status status="PASS" starttime="20221010 19:55:59.435" endtime="20221010 19:55:59.517"/>
</kw>
<kw name="Wait Until Element Is Visible" library="AppiumLibrary">
<arg>id=com.sentrics.engage360:id/title</arg>
<doc>Waits until element specified with `locator` is visible.</doc>
<status status="PASS" starttime="20221010 19:55:59.517" endtime="20221010 19:56:00.282"/>
</kw>
<kw name="Element Should Be Visible" library="AppiumLibrary">
<arg>id=com.sentrics.engage360:id/title</arg>
<arg>Choose a Style</arg>
<doc>Verifies that element identified with locator is visible.</doc>
<status status="PASS" starttime="20221010 19:56:00.284" endtime="20221010 19:56:00.431"/>
</kw>
<kw name="Press Keycode" library="AppiumLibrary">
<arg>4</arg>
<doc>Sends a press of keycode to the device.</doc>
<status status="PASS" starttime="20221010 19:56:00.431" endtime="20221010 19:56:00.499"/>
</kw>
<kw name="Wait Until Element Is Visible" library="AppiumLibrary">
<arg>id=com.sentrics.engage360:id/title</arg>
<doc>Waits until element specified with `locator` is visible.</doc>
<status status="PASS" starttime="20221010 19:56:00.499" endtime="20221010 19:56:01.269"/>
</kw>
<kw name="Element Should Be Visible" library="AppiumLibrary">
<arg>id=com.sentrics.engage360:id/title</arg>
<arg>Choose a Genre</arg>
<doc>Verifies that element identified with locator is visible.</doc>
<status status="PASS" starttime="20221010 19:56:01.270" endtime="20221010 19:56:01.461"/>
</kw>
<kw name="Press Keycode" library="AppiumLibrary">
<arg>22</arg>
<doc>Sends a press of keycode to the device.</doc>
<status status="PASS" starttime="20221010 19:56:01.462" endtime="20221010 19:56:01.620"/>
</kw>
<kw name="Press Keycode" library="AppiumLibrary">
<arg>22</arg>
<doc>Sends a press of keycode to the device.</doc>
<status status="PASS" starttime="20221010 19:56:01.621" endtime="20221010 19:56:02.282"/>
</kw>
<kw name="Press Keycode" library="AppiumLibrary">
<arg>20</arg>
<doc>Sends a press of keycode to the device.</doc>
<status status="PASS" starttime="20221010 19:56:02.282" endtime="20221010 19:56:02.946"/>
</kw>
<kw name="Press Keycode" library="AppiumLibrary">
<arg>20</arg>
<doc>Sends a press of keycode to the device.</doc>
<status status="PASS" starttime="20221010 19:56:02.947" endtime="20221010 19:56:03.626"/>
</kw>
<kw name="Wait Until Element Is Visible" library="AppiumLibrary">
<arg>id=com.sentrics.engage360:id/name</arg>
<doc>Waits until element specified with `locator` is visible.</doc>
<status status="PASS" starttime="20221010 19:56:03.627" endtime="20221010 19:56:04.294"/>
</kw>
<kw name="Element Should Be Visible" library="AppiumLibrary">
<arg>id=com.sentrics.engage360:id/name</arg>
<arg>Spiritual</arg>
<doc>Verifies that element identified with locator is visible.</doc>
<status status="PASS" starttime="20221010 19:56:04.295" endtime="20221010 19:56:04.446"/>
</kw>
<kw name="Press Keycode" library="AppiumLibrary">
<arg>23</arg>
<doc>Sends a press of keycode to the device.</doc>
<status status="PASS" starttime="20221010 19:56:04.447" endtime="20221010 19:56:04.528"/>
</kw>
<kw name="Wait Until Element Is Visible" library="AppiumLibrary">
<arg>id=com.sentrics.engage360:id/title</arg>
<doc>Waits until element specified with `locator` is visible.</doc>
<status status="PASS" starttime="20221010 19:56:04.529" endtime="20221010 19:56:05.295"/>
</kw>
<kw name="Element Should Be Visible" library="AppiumLibrary">
<arg>id=com.sentrics.engage360:id/title</arg>
<arg>Choose a Style</arg>
<doc>Verifies that element identified with locator is visible.</doc>
<status status="PASS" starttime="20221010 19:56:05.296" endtime="20221010 19:56:05.480"/>
</kw>
<kw name="Press Keycode" library="AppiumLibrary">
<arg>4</arg>
<doc>Sends a press of keycode to the device.</doc>
<status status="PASS" starttime="20221010 19:56:05.480" endtime="20221010 19:56:05.569"/>
</kw>
<kw name="Press Keycode" library="AppiumLibrary">
<arg>4</arg>
<doc>Sends a press of keycode to the device.</doc>
<status status="PASS" starttime="20221010 19:56:05.569" endtime="20221010 19:56:05.736"/>
</kw>
<status status="PASS" starttime="20221010 19:53:03.839" endtime="20221010 19:56:05.737"/>
</kw>
<tag>Automation</tag>
<status status="PASS" starttime="20221010 19:51:10.242" endtime="20221010 19:56:05.739"/>
</test>
<kw name="Close All Applications" library="AppiumLibrary" type="TEARDOWN">
<doc>Closes all open applications.</doc>
<status status="PASS" starttime="20221010 19:56:05.743" endtime="20221010 19:56:06.347"/>
</kw>
<status status="PASS" starttime="20221010 19:50:53.546" endtime="20221010 19:56:06.347"/>
</suite>
<statistics>
<total>
<stat pass="1" fail="0" skip="0">All Tests</stat>
</total>
<tag>
<stat pass="1" fail="0" skip="0">Automation</stat>
</tag>
<suite>
<stat pass="1" fail="0" skip="0" id="s1" name="NGG-TC-85 Mood Tunes Enter a Genre">NGG-TC-85 Mood Tunes Enter a Genre</stat>
</suite>
</statistics>
<errors>
</errors>
</robot>
