<?xml version="1.0" encoding="UTF-8"?>
<robot generator="Robot 4.1.3 (Python 3.10.1 on win32)" generated="20220331 14:04:35.050" rpa="false" schemaversion="2">
<suite id="s1" name="Exercises" source="C:\Users\Alejandro\Desktop\E-hub My Heatlh\Tests\Exercises.robot">
<kw name="Open app" type="SETUP">
<msg timestamp="20220331 14:04:35.206" level="FAIL">No keyword with name 'Open app' found.</msg>
<status status="FAIL" starttime="20220331 14:04:35.206" endtime="20220331 14:04:35.206"/>
</kw>
<test id="s1-t1" name="Test My Health">
<tag>Automation</tag>
<status status="FAIL" starttime="20220331 14:04:35.207" endtime="20220331 14:04:35.207">Parent suite setup failed:
No keyword with name 'Open app' found.</status>
</test>
<kw name="Close All Applications" library="AppiumLibrary" type="TEARDOWN">
<doc>Closes all open applications.</doc>
<msg timestamp="20220331 14:04:35.208" level="TRACE">Arguments: [  ]</msg>
<msg timestamp="20220331 14:04:35.209" level="DEBUG">Closing all applications</msg>
<msg timestamp="20220331 14:04:35.209" level="TRACE">Return: None</msg>
<status status="PASS" starttime="20220331 14:04:35.208" endtime="20220331 14:04:35.209"/>
</kw>
<status status="FAIL" starttime="20220331 14:04:35.051" endtime="20220331 14:04:35.209">Suite setup failed:
No keyword with name 'Open app' found.</status>
</suite>
<statistics>
<total>
<stat pass="0" fail="1" skip="0">All Tests</stat>
</total>
<tag>
<stat pass="0" fail="1" skip="0">Automation</stat>
</tag>
<suite>
<stat pass="0" fail="1" skip="0" id="s1" name="Exercises">Exercises</stat>
</suite>
</statistics>
<errors>
<msg timestamp="20220331 14:04:35.204" level="ERROR">Error in file 'C:\Users\Alejandro\Desktop\E-hub My Heatlh\Tests\Exercises.robot' on line 3: Resource file 'Resources\Keywords.robot' does not exist.</msg>
</errors>
</robot>
