<?xml version="1.0" encoding="UTF-8"?>
<robot generator="Robot 4.1.3 (Python 3.10.1 on win32)" generated="20221012 20:07:25.783" rpa="false" schemaversion="2">
<suite id="s1" name="NGG-TC-45-49 Exercises" source="C:\Users\Alejandro\Desktop\Mood_TunesExercises\NGG-TC-45-49 Exercises.robot">
<kw name="Open App" library="Keywords" type="SETUP">
<kw name="Open Application" library="AppiumLibrary">
<arg>${url}</arg>
<arg>platformName=${PlatFormName}</arg>
<arg>platformVersion=${PlatFormVersion}</arg>
<arg>deviceName=${DeviceName}</arg>
<arg>automationName=UiAutomator2</arg>
<arg>newCommandTimeout=2500</arg>
<arg>noReset=True</arg>
<arg>activateName=${Activity_NAME}</arg>
<arg>packageName=${PACKAGE_NAME}</arg>
<doc>Opens a new application to given Appium server.
Capabilities of appium server, Android and iOS,
Please check https://github.com/appium/appium/blob/master/docs/en/writing-running-appium/server-args.md
| *Option*            | *Man.* | *Description*     |
| remote_url          | Yes    | Appium server url |
| alias               | no     | alias             |</doc>
<status status="PASS" starttime="20221012 20:07:25.968" endtime="20221012 20:07:41.541"/>
</kw>
<status status="PASS" starttime="20221012 20:07:25.967" endtime="20221012 20:07:41.541"/>
</kw>
<test id="s1-t1" name="Test Tab My Health Tile Exercises">
<kw name="Open App" library="Keywords">
<kw name="Open Application" library="AppiumLibrary">
<arg>${url}</arg>
<arg>platformName=${PlatFormName}</arg>
<arg>platformVersion=${PlatFormVersion}</arg>
<arg>deviceName=${DeviceName}</arg>
<arg>automationName=UiAutomator2</arg>
<arg>newCommandTimeout=2500</arg>
<arg>noReset=True</arg>
<arg>activateName=${Activity_NAME}</arg>
<arg>packageName=${PACKAGE_NAME}</arg>
<doc>Opens a new application to given Appium server.
Capabilities of appium server, Android and iOS,
Please check https://github.com/appium/appium/blob/master/docs/en/writing-running-appium/server-args.md
| *Option*            | *Man.* | *Description*     |
| remote_url          | Yes    | Appium server url |
| alias               | no     | alias             |</doc>
<status status="PASS" starttime="20221012 20:07:41.542" endtime="20221012 20:07:56.848"/>
</kw>
<status status="PASS" starttime="20221012 20:07:41.542" endtime="20221012 20:07:56.848"/>
</kw>
<kw name="Home Exercises" library="Keywords">
<kw name="Press Keycode" library="AppiumLibrary">
<arg>20</arg>
<doc>Sends a press of keycode to the device.</doc>
<status status="PASS" starttime="20221012 20:07:56.850" endtime="20221012 20:07:59.646"/>
</kw>
<kw name="Press Keycode" library="AppiumLibrary">
<arg>20</arg>
<doc>Sends a press of keycode to the device.</doc>
<status status="PASS" starttime="20221012 20:07:59.646" endtime="20221012 20:08:00.633"/>
</kw>
<kw name="Press Keycode" library="AppiumLibrary">
<arg>20</arg>
<doc>Sends a press of keycode to the device.</doc>
<status status="PASS" starttime="20221012 20:08:00.633" endtime="20221012 20:08:02.279"/>
</kw>
<kw name="Press Keycode" library="AppiumLibrary">
<arg>22</arg>
<doc>Sends a press of keycode to the device.</doc>
<status status="PASS" starttime="20221012 20:08:02.279" endtime="20221012 20:08:06.561"/>
</kw>
<kw name="Press Keycode" library="AppiumLibrary">
<arg>23</arg>
<doc>Sends a press of keycode to the device.</doc>
<status status="PASS" starttime="20221012 20:08:06.561" endtime="20221012 20:08:07.569"/>
</kw>
<status status="PASS" starttime="20221012 20:07:56.850" endtime="20221012 20:08:07.570"/>
</kw>
<kw name="Select And Enter Categories Exercises" library="Keywords">
<kw name="Press Keycode" library="AppiumLibrary">
<arg>23</arg>
<doc>Sends a press of keycode to the device.</doc>
<status status="PASS" starttime="20221012 20:08:07.570" endtime="20221012 20:08:11.003"/>
</kw>
<kw name="Press Keycode" library="AppiumLibrary">
<arg>22</arg>
<doc>Sends a press of keycode to the device.</doc>
<status status="PASS" starttime="20221012 20:08:11.003" endtime="20221012 20:08:11.848"/>
</kw>
<kw name="Press Keycode" library="AppiumLibrary">
<arg>23</arg>
<doc>Sends a press of keycode to the device.</doc>
<status status="PASS" starttime="20221012 20:08:11.848" endtime="20221012 20:08:12.615"/>
</kw>
<kw name="Press Keycode" library="AppiumLibrary">
<arg>22</arg>
<doc>Sends a press of keycode to the device.</doc>
<status status="PASS" starttime="20221012 20:08:12.615" endtime="20221012 20:08:13.416"/>
</kw>
<kw name="Press Keycode" library="AppiumLibrary">
<arg>23</arg>
<doc>Sends a press of keycode to the device.</doc>
<status status="PASS" starttime="20221012 20:08:13.416" endtime="20221012 20:08:14.225"/>
</kw>
<kw name="Press Keycode" library="AppiumLibrary">
<arg>22</arg>
<doc>Sends a press of keycode to the device.</doc>
<status status="PASS" starttime="20221012 20:08:14.225" endtime="20221012 20:08:15.085"/>
</kw>
<kw name="Press Keycode" library="AppiumLibrary">
<arg>23</arg>
<doc>Sends a press of keycode to the device.</doc>
<status status="PASS" starttime="20221012 20:08:15.085" endtime="20221012 20:08:15.854"/>
</kw>
<kw name="Press Keycode" library="AppiumLibrary">
<arg>22</arg>
<doc>Sends a press of keycode to the device.</doc>
<status status="PASS" starttime="20221012 20:08:15.854" endtime="20221012 20:08:16.591"/>
</kw>
<kw name="Press Keycode" library="AppiumLibrary">
<arg>23</arg>
<doc>Sends a press of keycode to the device.</doc>
<status status="PASS" starttime="20221012 20:08:16.591" endtime="20221012 20:08:17.404"/>
</kw>
<kw name="Press Keycode" library="AppiumLibrary">
<arg>22</arg>
<doc>Sends a press of keycode to the device.</doc>
<status status="PASS" starttime="20221012 20:08:17.404" endtime="20221012 20:08:18.274"/>
</kw>
<kw name="Press Keycode" library="AppiumLibrary">
<arg>23</arg>
<doc>Sends a press of keycode to the device.</doc>
<status status="PASS" starttime="20221012 20:08:18.274" endtime="20221012 20:08:19.029"/>
</kw>
<kw name="Press Keycode" library="AppiumLibrary">
<arg>22</arg>
<doc>Sends a press of keycode to the device.</doc>
<status status="PASS" starttime="20221012 20:08:19.029" endtime="20221012 20:08:19.812"/>
</kw>
<kw name="Press Keycode" library="AppiumLibrary">
<arg>23</arg>
<doc>Sends a press of keycode to the device.</doc>
<status status="PASS" starttime="20221012 20:08:19.812" endtime="20221012 20:08:20.594"/>
</kw>
<kw name="Press Keycode" library="AppiumLibrary">
<arg>4</arg>
<doc>Sends a press of keycode to the device.</doc>
<status status="PASS" starttime="20221012 20:08:20.595" endtime="20221012 20:08:21.498"/>
</kw>
<kw name="Press Keycode" library="AppiumLibrary">
<arg>4</arg>
<doc>Sends a press of keycode to the device.</doc>
<status status="PASS" starttime="20221012 20:08:21.499" endtime="20221012 20:08:22.169"/>
</kw>
<status status="PASS" starttime="20221012 20:08:07.570" endtime="20221012 20:08:22.169"/>
</kw>
<tag>Automation</tag>
<status status="PASS" starttime="20221012 20:07:41.542" endtime="20221012 20:08:22.170"/>
</test>
<kw name="Close All Applications" library="AppiumLibrary" type="TEARDOWN">
<doc>Closes all open applications.</doc>
<status status="PASS" starttime="20221012 20:08:22.171" endtime="20221012 20:08:22.300"/>
</kw>
<status status="PASS" starttime="20221012 20:07:25.784" endtime="20221012 20:08:22.301"/>
</suite>
<statistics>
<total>
<stat pass="1" fail="0" skip="0">All Tests</stat>
</total>
<tag>
<stat pass="1" fail="0" skip="0">Automation</stat>
</tag>
<suite>
<stat pass="1" fail="0" skip="0" id="s1" name="NGG-TC-45-49 Exercises">NGG-TC-45-49 Exercises</stat>
</suite>
</statistics>
<errors>
</errors>
</robot>
